  [1m[35m (2.0ms)[0m  [1m[34mSELECT sqlite_version(*)[0m
  [1m[35m (1.0ms)[0m  [1m[35mCREATE TABLE "schema_migrations" ("version" varchar NOT NULL PRIMARY KEY)[0m
  [1m[35m (0.8ms)[0m  [1m[35mCREATE TABLE "ar_internal_metadata" ("key" varchar NOT NULL PRIMARY KEY, "value" varchar, "created_at" datetime(6) NOT NULL, "updated_at" datetime(6) NOT NULL)[0m
  [1m[35m (0.1ms)[0m  [1m[34mSELECT "schema_migrations"."version" FROM "schema_migrations" ORDER BY "schema_migrations"."version" ASC[0m
Migrating to CreateLegos (20201030155630)
  [1m[35m (0.0ms)[0m  [1m[36mbegin transaction[0m
  [1m[35m (0.4ms)[0m  [1m[35mCREATE TABLE "legos" ("id" integer PRIMARY KEY AUTOINCREMENT NOT NULL, "name" varchar, "color" varchar, "theme" varchar, "gender" varchar, "trump" boolean, "created_at" datetime(6) NOT NULL, "updated_at" datetime(6) NOT NULL)[0m
  [1m[36mprimary::SchemaMigration Create (0.2ms)[0m  [1m[32mINSERT INTO "schema_migrations" ("version") VALUES (?)[0m  [["version", "20201030155630"]]
  [1m[35m (0.6ms)[0m  [1m[36mcommit transaction[0m
  [1m[36mActiveRecord::InternalMetadata Load (0.1ms)[0m  [1m[34mSELECT "ar_internal_metadata".* FROM "ar_internal_metadata" WHERE "ar_internal_metadata"."key" = ? LIMIT ?[0m  [["key", "environment"], ["LIMIT", 1]]
  [1m[35m (0.0ms)[0m  [1m[36mbegin transaction[0m
  [1m[36mActiveRecord::InternalMetadata Create (0.3ms)[0m  [1m[32mINSERT INTO "ar_internal_metadata" ("key", "value", "created_at", "updated_at") VALUES (?, ?, ?, ?)[0m  [["key", "environment"], ["value", "development"], ["created_at", "2020-10-30 16:03:57.930054"], ["updated_at", "2020-10-30 16:03:57.930054"]]
  [1m[35m (0.8ms)[0m  [1m[36mcommit transaction[0m
  [1m[35m (0.1ms)[0m  [1m[34mSELECT sqlite_version(*)[0m
  [1m[35m (0.2ms)[0m  [1m[34mSELECT "schema_migrations"."version" FROM "schema_migrations" ORDER BY "schema_migrations"."version" ASC[0m
  [1m[35m (0.6ms)[0m  [1m[34mSELECT sqlite_version(*)[0m
  [1m[35m (0.1ms)[0m  [1m[34mSELECT "schema_migrations"."version" FROM "schema_migrations" ORDER BY "schema_migrations"."version" ASC[0m
Started GET "/" for ::1 at 2020-10-30 12:19:17 -0400
  [1m[35m (1.1ms)[0m  [1m[34mSELECT sqlite_version(*)[0m
  [1m[35m (0.4ms)[0m  [1m[34mSELECT "schema_migrations"."version" FROM "schema_migrations" ORDER BY "schema_migrations"."version" ASC[0m
Processing by ApplicationController#home as HTML
  Rendering application/home.html.erb within layouts/application
  Rendered application/home.html.erb within layouts/application (Duration: 2.4ms | Allocations: 367)
[Webpacker] Compiling...
[Webpacker] Compiled all packs in /Users/mdorigo/Flatiron/group_projects/rails_projects/rails_app_single_model/lego_man/public/packs
[Webpacker] Hash: 15d1bb7b54cf6326b9ba
Version: webpack 4.44.2
Time: 1652ms
Built at: 10/30/2020 12:19:21 PM
                                     Asset       Size       Chunks                         Chunk Names
    js/application-9afcbb5693aa87623e69.js    124 KiB  application  [emitted] [immutable]  application
js/application-9afcbb5693aa87623e69.js.map    139 KiB  application  [emitted] [dev]        application
                             manifest.json  364 bytes               [emitted]              
Entrypoint application = js/application-9afcbb5693aa87623e69.js js/application-9afcbb5693aa87623e69.js.map
[./app/javascript/channels sync recursive _channel\.js$] ./app/javascript/channels sync _channel\.js$ 160 bytes {application} [built]
[./app/javascript/channels/index.js] 211 bytes {application} [built]
[./app/javascript/packs/application.js] 749 bytes {application} [built]
[./node_modules/webpack/buildin/module.js] (webpack)/buildin/module.js 552 bytes {application} [built]
    + 3 hidden modules

Completed 200 OK in 3648ms (Views: 3637.2ms | ActiveRecord: 0.0ms | Allocations: 24802)


Started GET "/credits" for ::1 at 2020-10-30 12:19:29 -0400
Processing by ApplicationController#credits as HTML
  Rendering application/credits.html.erb within layouts/application
  Rendered application/credits.html.erb within layouts/application (Duration: 0.4ms | Allocations: 161)
[Webpacker] Everything's up-to-date. Nothing to do
Completed 200 OK in 8ms (Views: 6.8ms | ActiveRecord: 0.0ms | Allocations: 4225)


Started GET "/credits" for ::1 at 2020-10-30 12:19:40 -0400
Processing by ApplicationController#credits as HTML
  Rendering application/credits.html.erb within layouts/application
  Rendered application/credits.html.erb within layouts/application (Duration: 0.4ms | Allocations: 146)
[Webpacker] Everything's up-to-date. Nothing to do
Completed 200 OK in 9ms (Views: 8.0ms | ActiveRecord: 0.0ms | Allocations: 4700)


Started GET "/credits" for ::1 at 2020-10-30 12:20:24 -0400
Processing by ApplicationController#credits as HTML
  Rendering application/credits.html.erb within layouts/application
  Rendered application/credits.html.erb within layouts/application (Duration: 12.2ms | Allocations: 3785)
Completed 500 Internal Server Error in 16ms (ActiveRecord: 0.0ms | Allocations: 4642)


  
ActionView::SyntaxErrorInTemplate (Encountered a syntax error while rendering template: check <h1>This app was made by</h1>

<%= link_to "Jake Short", "https://github.com/jrshort89" target => '_blank'%><br>
<%= link_to "Mauro Dorigo", "https://github.com/purisquiri" target => '_blank'%>
):
1:    <h1>This app was made by</h1>
2:    
3:    <%= link_to "Jake Short", "https://github.com/jrshort89" target => '_blank'%><br>
4:    <%= link_to "Mauro Dorigo", "https://github.com/purisquiri" target => '_blank'%>
  
app/views/application/credits.html.erb:3: syntax error, unexpected tIDENTIFIER, expecting ')'
app/views/application/credits.html.erb:4: syntax error, unexpected tIDENTIFIER, expecting ')'
app/views/application/credits.html.erb:3: syntax error, unexpected tIDENTIFIER, expecting ')'
app/views/application/credits.html.erb:4: syntax error, unexpected tIDENTIFIER, expecting ')'
app/views/application/credits.html.erb:3: syntax error, unexpected tIDENTIFIER, expecting ')'
app/views/application/credits.html.erb:4: syntax error, unexpected tIDENTIFIER, expecting ')'
app/views/application/credits.html.erb:3: syntax error, unexpected tIDENTIFIER, expecting ')'
app/views/application/credits.html.erb:4: syntax error, unexpected tIDENTIFIER, expecting ')'
app/views/application/credits.html.erb:3: syntax error, unexpected tIDENTIFIER, expecting ')'
app/views/application/credits.html.erb:4: syntax error, unexpected tIDENTIFIER, expecting ')'
app/views/application/credits.html.erb:3: syntax error, unexpected tIDENTIFIER, expecting ')'
app/views/application/credits.html.erb:4: syntax error, unexpected tIDENTIFIER, expecting ')'
Started GET "/credits" for ::1 at 2020-10-30 12:20:49 -0400
Processing by ApplicationController#credits as HTML
  Rendering application/credits.html.erb within layouts/application
  Rendered application/credits.html.erb within layouts/application (Duration: 243.9ms | Allocations: 146927)
Completed 500 Internal Server Error in 246ms (ActiveRecord: 0.0ms | Allocations: 147797)


  
ActionView::Template::Error (undefined local variable or method `target' for #<#<Class:0x00007fc380de9f18>:0x00007fc382413190>):
    1: <h1>This app was made by</h1>
    2: 
    3: <%= link_to "Jake Short", "https://github.com/jrshort89", target => '_blank'%><br>
    4: <%= link_to "Mauro Dorigo", "https://github.com/purisquiri", target => '_blank'%>
  
app/views/application/credits.html.erb:3
Started GET "/credits" for ::1 at 2020-10-30 12:21:48 -0400
Processing by ApplicationController#credits as HTML
  Rendering application/credits.html.erb within layouts/application
  Rendered application/credits.html.erb within layouts/application (Duration: 0.4ms | Allocations: 169)
[Webpacker] Everything's up-to-date. Nothing to do
Completed 200 OK in 15ms (Views: 13.6ms | ActiveRecord: 0.0ms | Allocations: 4751)


Started GET "/fdfwefewf" for ::1 at 2020-10-30 12:25:19 -0400
  
ActionController::RoutingError (No route matches [GET] "/fdfwefewf"):
  
actionpack (6.0.3.4) lib/action_dispatch/middleware/debug_exceptions.rb:36:in `call'
web-console (4.0.4) lib/web_console/middleware.rb:132:in `call_app'
web-console (4.0.4) lib/web_console/middleware.rb:28:in `block in call'
web-console (4.0.4) lib/web_console/middleware.rb:17:in `catch'
web-console (4.0.4) lib/web_console/middleware.rb:17:in `call'
actionpack (6.0.3.4) lib/action_dispatch/middleware/show_exceptions.rb:33:in `call'
railties (6.0.3.4) lib/rails/rack/logger.rb:37:in `call_app'
railties (6.0.3.4) lib/rails/rack/logger.rb:26:in `block in call'
activesupport (6.0.3.4) lib/active_support/tagged_logging.rb:80:in `block in tagged'
activesupport (6.0.3.4) lib/active_support/tagged_logging.rb:28:in `tagged'
activesupport (6.0.3.4) lib/active_support/tagged_logging.rb:80:in `tagged'
railties (6.0.3.4) lib/rails/rack/logger.rb:26:in `call'
sprockets-rails (3.2.2) lib/sprockets/rails/quiet_assets.rb:13:in `call'
actionpack (6.0.3.4) lib/action_dispatch/middleware/remote_ip.rb:81:in `call'
actionpack (6.0.3.4) lib/action_dispatch/middleware/request_id.rb:27:in `call'
rack (2.2.3) lib/rack/method_override.rb:24:in `call'
rack (2.2.3) lib/rack/runtime.rb:22:in `call'
activesupport (6.0.3.4) lib/active_support/cache/strategy/local_cache_middleware.rb:29:in `call'
actionpack (6.0.3.4) lib/action_dispatch/middleware/executor.rb:14:in `call'
actionpack (6.0.3.4) lib/action_dispatch/middleware/static.rb:126:in `call'
rack (2.2.3) lib/rack/sendfile.rb:110:in `call'
actionpack (6.0.3.4) lib/action_dispatch/middleware/host_authorization.rb:82:in `call'
webpacker (4.3.0) lib/webpacker/dev_server_proxy.rb:23:in `perform_request'
rack-proxy (0.6.5) lib/rack/proxy.rb:57:in `call'
railties (6.0.3.4) lib/rails/engine.rb:527:in `call'
puma (4.3.6) lib/puma/configuration.rb:228:in `call'
puma (4.3.6) lib/puma/server.rb:713:in `handle_request'
puma (4.3.6) lib/puma/server.rb:472:in `process_client'
puma (4.3.6) lib/puma/server.rb:328:in `block in run'
puma (4.3.6) lib/puma/thread_pool.rb:134:in `block in spawn_thread'
Started GET "/index" for ::1 at 2020-10-30 12:31:17 -0400
  [1m[35m (0.1ms)[0m  [1m[34mSELECT sqlite_version(*)[0m
  
ActionController::RoutingError (No route matches [GET] "/index"):
  
actionpack (6.0.3.4) lib/action_dispatch/middleware/debug_exceptions.rb:36:in `call'
web-console (4.0.4) lib/web_console/middleware.rb:132:in `call_app'
web-console (4.0.4) lib/web_console/middleware.rb:28:in `block in call'
web-console (4.0.4) lib/web_console/middleware.rb:17:in `catch'
web-console (4.0.4) lib/web_console/middleware.rb:17:in `call'
actionpack (6.0.3.4) lib/action_dispatch/middleware/show_exceptions.rb:33:in `call'
railties (6.0.3.4) lib/rails/rack/logger.rb:37:in `call_app'
railties (6.0.3.4) lib/rails/rack/logger.rb:26:in `block in call'
activesupport (6.0.3.4) lib/active_support/tagged_logging.rb:80:in `block in tagged'
activesupport (6.0.3.4) lib/active_support/tagged_logging.rb:28:in `tagged'
activesupport (6.0.3.4) lib/active_support/tagged_logging.rb:80:in `tagged'
railties (6.0.3.4) lib/rails/rack/logger.rb:26:in `call'
sprockets-rails (3.2.2) lib/sprockets/rails/quiet_assets.rb:13:in `call'
actionpack (6.0.3.4) lib/action_dispatch/middleware/remote_ip.rb:81:in `call'
actionpack (6.0.3.4) lib/action_dispatch/middleware/request_id.rb:27:in `call'
rack (2.2.3) lib/rack/method_override.rb:24:in `call'
rack (2.2.3) lib/rack/runtime.rb:22:in `call'
activesupport (6.0.3.4) lib/active_support/cache/strategy/local_cache_middleware.rb:29:in `call'
actionpack (6.0.3.4) lib/action_dispatch/middleware/executor.rb:14:in `call'
actionpack (6.0.3.4) lib/action_dispatch/middleware/static.rb:126:in `call'
rack (2.2.3) lib/rack/sendfile.rb:110:in `call'
actionpack (6.0.3.4) lib/action_dispatch/middleware/host_authorization.rb:82:in `call'
webpacker (4.3.0) lib/webpacker/dev_server_proxy.rb:23:in `perform_request'
rack-proxy (0.6.5) lib/rack/proxy.rb:57:in `call'
railties (6.0.3.4) lib/rails/engine.rb:527:in `call'
puma (4.3.6) lib/puma/configuration.rb:228:in `call'
puma (4.3.6) lib/puma/server.rb:713:in `handle_request'
puma (4.3.6) lib/puma/server.rb:472:in `process_client'
puma (4.3.6) lib/puma/server.rb:328:in `block in run'
puma (4.3.6) lib/puma/thread_pool.rb:134:in `block in spawn_thread'
Started GET "/legos/" for ::1 at 2020-10-30 12:36:44 -0400
  [1m[35m (0.1ms)[0m  [1m[34mSELECT sqlite_version(*)[0m
Processing by LegosController#index as HTML
  Rendering legos/index.html.erb within layouts/application
  [1m[36mLego Load (0.4ms)[0m  [1m[34mSELECT "legos".* FROM "legos"[0m
  ↳ app/views/legos/index.html.erb:4
  Rendered legos/index.html.erb within layouts/application (Duration: 3.1ms | Allocations: 1361)
[Webpacker] Everything's up-to-date. Nothing to do
Completed 200 OK in 18ms (Views: 12.6ms | ActiveRecord: 0.7ms | Allocations: 6655)


Started GET "/legos/" for ::1 at 2020-10-30 12:37:18 -0400
  [1m[35m (0.0ms)[0m  [1m[34mSELECT sqlite_version(*)[0m
Processing by LegosController#index as HTML
  Rendering legos/index.html.erb within layouts/application
  [1m[36mLego Load (0.4ms)[0m  [1m[34mSELECT "legos".* FROM "legos"[0m
  ↳ app/views/legos/index.html.erb:4
  Rendered legos/index.html.erb within layouts/application (Duration: 2.3ms | Allocations: 1184)
[Webpacker] Everything's up-to-date. Nothing to do
Completed 200 OK in 13ms (Views: 10.2ms | ActiveRecord: 0.9ms | Allocations: 5580)


  [1m[35m (0.6ms)[0m  [1m[34mSELECT sqlite_version(*)[0m
  [1m[35m (0.1ms)[0m  [1m[36mbegin transaction[0m
  [1m[36mLego Create (0.6ms)[0m  [1m[32mINSERT INTO "legos" ("name", "color", "theme", "gender", "trump", "created_at", "updated_at") VALUES (?, ?, ?, ?, ?, ?, ?)[0m  [["name", "biden"], ["color", "blue"], ["theme", "politics"], ["gender", "male"], ["trump", 0], ["created_at", "2020-10-30 16:52:10.581715"], ["updated_at", "2020-10-30 16:52:10.581715"]]
  [1m[35m (0.6ms)[0m  [1m[36mcommit transaction[0m
  [1m[36mLego Load (0.3ms)[0m  [1m[34mSELECT "legos".* FROM "legos" ORDER BY "legos"."id" ASC LIMIT ?[0m  [["LIMIT", 1]]
Started GET "/legos/" for ::1 at 2020-10-30 12:52:42 -0400
  [1m[35m (0.2ms)[0m  [1m[34mSELECT sqlite_version(*)[0m
Processing by LegosController#index as HTML
  Rendering legos/index.html.erb within layouts/application
  [1m[36mLego Load (0.2ms)[0m  [1m[34mSELECT "legos".* FROM "legos"[0m
  ↳ app/views/legos/index.html.erb:4
  Rendered legos/index.html.erb within layouts/application (Duration: 27.7ms | Allocations: 6793)
[Webpacker] Everything's up-to-date. Nothing to do
Completed 200 OK in 51ms (Views: 46.8ms | ActiveRecord: 0.5ms | Allocations: 11958)


Started GET "/" for ::1 at 2020-10-30 12:53:16 -0400
Processing by ApplicationController#home as HTML
  Rendering application/home.html.erb within layouts/application
  Rendered application/home.html.erb within layouts/application (Duration: 1.2ms | Allocations: 1003)
Completed 500 Internal Server Error in 3ms (ActiveRecord: 0.0ms | Allocations: 1698)


  
ActionView::SyntaxErrorInTemplate (Encountered a syntax error while rendering template: check <h1>Welcome to LEGO MAN </h1>

<%= link_to, "go to index" legos_path%>
):
1:    <h1>Welcome to LEGO MAN </h1>
2:    
3:    <%= link_to, "go to index" legos_path%>
  
app/views/application/home.html.erb:3: syntax error, unexpected tIDENTIFIER, expecting '.' or &. or :: or '['
app/views/application/home.html.erb:3: syntax error, unexpected tIDENTIFIER, expecting '.' or &. or :: or '['
app/views/application/home.html.erb:3: syntax error, unexpected tIDENTIFIER, expecting '.' or &. or :: or '['
app/views/application/home.html.erb:3: syntax error, unexpected tIDENTIFIER, expecting '.' or &. or :: or '['
app/views/application/home.html.erb:3: syntax error, unexpected tIDENTIFIER, expecting '.' or &. or :: or '['
app/views/application/home.html.erb:3: syntax error, unexpected tIDENTIFIER, expecting '.' or &. or :: or '['
Started GET "/" for ::1 at 2020-10-30 12:53:22 -0400
Processing by ApplicationController#home as HTML
  Rendering application/home.html.erb within layouts/application
  Rendered application/home.html.erb within layouts/application (Duration: 0.7ms | Allocations: 990)
Completed 500 Internal Server Error in 2ms (ActiveRecord: 0.0ms | Allocations: 1395)


  
ActionView::SyntaxErrorInTemplate (Encountered a syntax error while rendering template: check <h1>Welcome to LEGO MAN </h1>

<%= link_to, "go to index" legos_path%>
):
1:    <h1>Welcome to LEGO MAN </h1>
2:    
3:    <%= link_to, "go to index" legos_path%>
  
app/views/application/home.html.erb:3: syntax error, unexpected tIDENTIFIER, expecting '.' or &. or :: or '['
app/views/application/home.html.erb:3: syntax error, unexpected tIDENTIFIER, expecting '.' or &. or :: or '['
app/views/application/home.html.erb:3: syntax error, unexpected tIDENTIFIER, expecting '.' or &. or :: or '['
app/views/application/home.html.erb:3: syntax error, unexpected tIDENTIFIER, expecting '.' or &. or :: or '['
app/views/application/home.html.erb:3: syntax error, unexpected tIDENTIFIER, expecting '.' or &. or :: or '['
app/views/application/home.html.erb:3: syntax error, unexpected tIDENTIFIER, expecting '.' or &. or :: or '['
Started GET "/" for ::1 at 2020-10-30 12:54:11 -0400
Processing by ApplicationController#home as HTML
  Rendering application/home.html.erb within layouts/application
  Rendered application/home.html.erb within layouts/application (Duration: 0.6ms | Allocations: 1008)
Completed 500 Internal Server Error in 2ms (ActiveRecord: 0.0ms | Allocations: 1860)


  
ActionView::SyntaxErrorInTemplate (Encountered a syntax error while rendering template: check <h1>Welcome to LEGO MAN </h1>

<%= link_to, "go to index", legos_path%>
):
1:    <h1>Welcome to LEGO MAN </h1>
2:    
3:    <%= link_to, "go to index", legos_path%>
  
app/views/application/home.html.erb:3: syntax error, unexpected ',', expecting '.' or &. or :: or '['
app/views/application/home.html.erb:3: syntax error, unexpected ',', expecting '.' or &. or :: or '['
app/views/application/home.html.erb:3: syntax error, unexpected ',', expecting '.' or &. or :: or '['
app/views/application/home.html.erb:3: syntax error, unexpected ',', expecting '.' or &. or :: or '['
app/views/application/home.html.erb:3: syntax error, unexpected ',', expecting '.' or &. or :: or '['
app/views/application/home.html.erb:3: syntax error, unexpected ',', expecting '.' or &. or :: or '['
Started GET "/" for ::1 at 2020-10-30 12:56:59 -0400
Processing by ApplicationController#home as HTML
  Rendering application/home.html.erb within layouts/application
  Rendered application/home.html.erb within layouts/application (Duration: 0.9ms | Allocations: 1003)
Completed 500 Internal Server Error in 3ms (ActiveRecord: 0.0ms | Allocations: 1855)


  
ActionView::SyntaxErrorInTemplate (Encountered a syntax error while rendering template: check <h1>Welcome to LEGO MAN </h1>

<%= link_to, "go to index", legos_path%>
):
1:    <h1>Welcome to LEGO MAN </h1>
2:    
3:    <%= link_to, "go to index", legos_path%>
  
app/views/application/home.html.erb:3: syntax error, unexpected ',', expecting '.' or &. or :: or '['
app/views/application/home.html.erb:3: syntax error, unexpected ',', expecting '.' or &. or :: or '['
app/views/application/home.html.erb:3: syntax error, unexpected ',', expecting '.' or &. or :: or '['
app/views/application/home.html.erb:3: syntax error, unexpected ',', expecting '.' or &. or :: or '['
app/views/application/home.html.erb:3: syntax error, unexpected ',', expecting '.' or &. or :: or '['
app/views/application/home.html.erb:3: syntax error, unexpected ',', expecting '.' or &. or :: or '['
Started GET "/" for ::1 at 2020-10-30 12:57:37 -0400
Processing by ApplicationController#home as HTML
  Rendering application/home.html.erb within layouts/application
  Rendered application/home.html.erb within layouts/application (Duration: 0.6ms | Allocations: 990)
Completed 500 Internal Server Error in 2ms (ActiveRecord: 0.0ms | Allocations: 1395)


  
ActionView::SyntaxErrorInTemplate (Encountered a syntax error while rendering template: check <h1>Welcome to LEGO MAN </h1>

<%= link_to, "go to index", legos_path%>
):
1:    <h1>Welcome to LEGO MAN </h1>
2:    
3:    <%= link_to, "go to index", legos_path%>
  
app/views/application/home.html.erb:3: syntax error, unexpected ',', expecting '.' or &. or :: or '['
app/views/application/home.html.erb:3: syntax error, unexpected ',', expecting '.' or &. or :: or '['
app/views/application/home.html.erb:3: syntax error, unexpected ',', expecting '.' or &. or :: or '['
app/views/application/home.html.erb:3: syntax error, unexpected ',', expecting '.' or &. or :: or '['
app/views/application/home.html.erb:3: syntax error, unexpected ',', expecting '.' or &. or :: or '['
app/views/application/home.html.erb:3: syntax error, unexpected ',', expecting '.' or &. or :: or '['
Started GET "/" for ::1 at 2020-10-30 12:58:04 -0400
Processing by ApplicationController#home as HTML
  Rendering application/home.html.erb within layouts/application
  Rendered application/home.html.erb within layouts/application (Duration: 0.9ms | Allocations: 1003)
Completed 500 Internal Server Error in 3ms (ActiveRecord: 0.0ms | Allocations: 1855)


  
ActionView::SyntaxErrorInTemplate (Encountered a syntax error while rendering template: check <h1>Welcome to LEGO MAN </h1>

<%= link_to, "go to index", @legos%>
):
1:    <h1>Welcome to LEGO MAN </h1>
2:    
3:    <%= link_to, "go to index", @legos%>
  
app/views/application/home.html.erb:3: syntax error, unexpected ',', expecting '.' or &. or :: or '['
app/views/application/home.html.erb:3: syntax error, unexpected ',', expecting '.' or &. or :: or '['
app/views/application/home.html.erb:3: syntax error, unexpected ',', expecting '.' or &. or :: or '['
app/views/application/home.html.erb:3: syntax error, unexpected ',', expecting '.' or &. or :: or '['
app/views/application/home.html.erb:3: syntax error, unexpected ',', expecting '.' or &. or :: or '['
app/views/application/home.html.erb:3: syntax error, unexpected ',', expecting '.' or &. or :: or '['
Started GET "/" for ::1 at 2020-10-30 12:59:50 -0400
Processing by ApplicationController#home as HTML
  Rendering application/home.html.erb within layouts/application
  Rendered application/home.html.erb within layouts/application (Duration: 0.5ms | Allocations: 1003)
Completed 500 Internal Server Error in 4ms (ActiveRecord: 0.0ms | Allocations: 1855)


  
ActionView::SyntaxErrorInTemplate (Encountered a syntax error while rendering template: check <h1>Welcome to LEGO MAN </h1>

<%= link_to, "go to index", legos_path%>
):
1:    <h1>Welcome to LEGO MAN </h1>
2:    
3:    <%= link_to, "go to index", legos_path%>
  
app/views/application/home.html.erb:3: syntax error, unexpected ',', expecting '.' or &. or :: or '['
app/views/application/home.html.erb:3: syntax error, unexpected ',', expecting '.' or &. or :: or '['
app/views/application/home.html.erb:3: syntax error, unexpected ',', expecting '.' or &. or :: or '['
app/views/application/home.html.erb:3: syntax error, unexpected ',', expecting '.' or &. or :: or '['
app/views/application/home.html.erb:3: syntax error, unexpected ',', expecting '.' or &. or :: or '['
app/views/application/home.html.erb:3: syntax error, unexpected ',', expecting '.' or &. or :: or '['
Started GET "/" for ::1 at 2020-10-30 13:03:04 -0400
Processing by ApplicationController#home as HTML
  Rendering application/home.html.erb within layouts/application
  Rendered application/home.html.erb within layouts/application (Duration: 0.5ms | Allocations: 139)
[Webpacker] Everything's up-to-date. Nothing to do
Completed 200 OK in 14ms (Views: 12.8ms | ActiveRecord: 0.0ms | Allocations: 4688)


Started GET "/legos" for ::1 at 2020-10-30 13:03:06 -0400
Processing by LegosController#index as HTML
  Rendering legos/index.html.erb within layouts/application
  [1m[36mLego Load (0.3ms)[0m  [1m[34mSELECT "legos".* FROM "legos"[0m
  ↳ app/views/legos/index.html.erb:4
  Rendered legos/index.html.erb within layouts/application (Duration: 3.2ms | Allocations: 835)
[Webpacker] Everything's up-to-date. Nothing to do
Completed 200 OK in 17ms (Views: 14.5ms | ActiveRecord: 0.3ms | Allocations: 5368)


Started GET "/credits" for ::1 at 2020-10-30 13:03:15 -0400
Processing by ApplicationController#credits as HTML
  Rendering application/credits.html.erb within layouts/application
  Rendered application/credits.html.erb within layouts/application (Duration: 0.6ms | Allocations: 268)
[Webpacker] Everything's up-to-date. Nothing to do
Completed 200 OK in 8ms (Views: 6.4ms | ActiveRecord: 0.0ms | Allocations: 4323)


Started GET "/credits" for ::1 at 2020-10-30 13:03:18 -0400
Processing by ApplicationController#credits as HTML
  Rendering application/credits.html.erb within layouts/application
  Rendered application/credits.html.erb within layouts/application (Duration: 0.3ms | Allocations: 127)
[Webpacker] Everything's up-to-date. Nothing to do
Completed 200 OK in 8ms (Views: 7.3ms | ActiveRecord: 0.0ms | Allocations: 4041)


Started GET "/credits" for ::1 at 2020-10-30 13:03:45 -0400
Processing by ApplicationController#credits as HTML
  Rendering application/credits.html.erb within layouts/application
  Rendered application/credits.html.erb within layouts/application (Duration: 0.6ms | Allocations: 217)
[Webpacker] Everything's up-to-date. Nothing to do
Completed 200 OK in 9ms (Views: 8.1ms | ActiveRecord: 0.0ms | Allocations: 4761)


Started GET "/legos" for ::1 at 2020-10-30 13:03:47 -0400
Processing by LegosController#index as HTML
  Rendering legos/index.html.erb within layouts/application
  [1m[36mLego Load (0.2ms)[0m  [1m[34mSELECT "legos".* FROM "legos"[0m
  ↳ app/views/legos/index.html.erb:4
  Rendered legos/index.html.erb within layouts/application (Duration: 2.7ms | Allocations: 843)
[Webpacker] Everything's up-to-date. Nothing to do
Completed 200 OK in 13ms (Views: 11.5ms | ActiveRecord: 0.2ms | Allocations: 5376)


Started GET "/legos" for ::1 at 2020-10-30 13:22:30 -0400
  [1m[35m (0.1ms)[0m  [1m[34mSELECT sqlite_version(*)[0m
Processing by LegosController#index as HTML
  Rendering legos/index.html.erb within layouts/application
  [1m[36mLego Load (0.3ms)[0m  [1m[34mSELECT "legos".* FROM "legos"[0m
  ↳ app/views/legos/index.html.erb:4
  Rendered legos/index.html.erb within layouts/application (Duration: 1.6ms | Allocations: 715)
[Webpacker] Everything's up-to-date. Nothing to do
Completed 200 OK in 19ms (Views: 17.7ms | ActiveRecord: 0.3ms | Allocations: 4668)


Started GET "/" for ::1 at 2020-10-30 15:05:26 -0400
  [1m[35m (0.7ms)[0m  [1m[34mSELECT sqlite_version(*)[0m
  [1m[35m (0.5ms)[0m  [1m[34mSELECT "schema_migrations"."version" FROM "schema_migrations" ORDER BY "schema_migrations"."version" ASC[0m
Processing by ApplicationController#home as HTML
  Rendering application/home.html.erb within layouts/application
  Rendered application/home.html.erb within layouts/application (Duration: 1.5ms | Allocations: 742)
[Webpacker] Everything's up-to-date. Nothing to do
Completed 200 OK in 34ms (Views: 28.1ms | ActiveRecord: 0.0ms | Allocations: 8632)


Started GET "/legos" for ::1 at 2020-10-30 15:05:28 -0400
Processing by LegosController#index as HTML
  Rendering legos/index.html.erb within layouts/application
  [1m[36mLego Load (0.5ms)[0m  [1m[34mSELECT "legos".* FROM "legos"[0m
  ↳ app/views/legos/index.html.erb:4
  Rendered legos/index.html.erb within layouts/application (Duration: 15.1ms | Allocations: 6928)
[Webpacker] Everything's up-to-date. Nothing to do
Completed 200 OK in 50ms (Views: 43.7ms | ActiveRecord: 1.3ms | Allocations: 11822)


Started GET "/legos" for ::1 at 2020-10-30 15:05:31 -0400
Processing by LegosController#index as HTML
  Rendering legos/index.html.erb within layouts/application
  [1m[36mLego Load (0.2ms)[0m  [1m[34mSELECT "legos".* FROM "legos"[0m
  ↳ app/views/legos/index.html.erb:4
  Rendered legos/index.html.erb within layouts/application (Duration: 1.5ms | Allocations: 702)
[Webpacker] Everything's up-to-date. Nothing to do
Completed 200 OK in 10ms (Views: 9.1ms | ActiveRecord: 0.2ms | Allocations: 4657)


Started GET "/legos" for ::1 at 2020-10-30 15:05:34 -0400
Processing by LegosController#index as HTML
  Rendering legos/index.html.erb within layouts/application
  [1m[36mLego Load (0.2ms)[0m  [1m[34mSELECT "legos".* FROM "legos"[0m
  ↳ app/views/legos/index.html.erb:4
  Rendered legos/index.html.erb within layouts/application (Duration: 2.6ms | Allocations: 702)
[Webpacker] Everything's up-to-date. Nothing to do
Completed 200 OK in 13ms (Views: 11.6ms | ActiveRecord: 0.2ms | Allocations: 4658)


Started GET "/" for ::1 at 2020-10-30 15:11:29 -0400
  [1m[35m (0.1ms)[0m  [1m[34mSELECT sqlite_version(*)[0m
Processing by ApplicationController#home as HTML
  Rendering application/home.html.erb within layouts/application
  Rendered application/home.html.erb within layouts/application (Duration: 1.3ms | Allocations: 140)
[Webpacker] Everything's up-to-date. Nothing to do
Completed 200 OK in 14ms (Views: 13.0ms | ActiveRecord: 0.0ms | Allocations: 4689)


Started GET "/wefewwe" for ::1 at 2020-10-30 15:11:34 -0400
  
ActionController::RoutingError (No route matches [GET] "/wefewwe"):
  
actionpack (6.0.3.4) lib/action_dispatch/middleware/debug_exceptions.rb:36:in `call'
web-console (4.0.4) lib/web_console/middleware.rb:132:in `call_app'
web-console (4.0.4) lib/web_console/middleware.rb:28:in `block in call'
web-console (4.0.4) lib/web_console/middleware.rb:17:in `catch'
web-console (4.0.4) lib/web_console/middleware.rb:17:in `call'
actionpack (6.0.3.4) lib/action_dispatch/middleware/show_exceptions.rb:33:in `call'
railties (6.0.3.4) lib/rails/rack/logger.rb:37:in `call_app'
railties (6.0.3.4) lib/rails/rack/logger.rb:26:in `block in call'
activesupport (6.0.3.4) lib/active_support/tagged_logging.rb:80:in `block in tagged'
activesupport (6.0.3.4) lib/active_support/tagged_logging.rb:28:in `tagged'
activesupport (6.0.3.4) lib/active_support/tagged_logging.rb:80:in `tagged'
railties (6.0.3.4) lib/rails/rack/logger.rb:26:in `call'
sprockets-rails (3.2.2) lib/sprockets/rails/quiet_assets.rb:13:in `call'
actionpack (6.0.3.4) lib/action_dispatch/middleware/remote_ip.rb:81:in `call'
actionpack (6.0.3.4) lib/action_dispatch/middleware/request_id.rb:27:in `call'
rack (2.2.3) lib/rack/method_override.rb:24:in `call'
rack (2.2.3) lib/rack/runtime.rb:22:in `call'
activesupport (6.0.3.4) lib/active_support/cache/strategy/local_cache_middleware.rb:29:in `call'
actionpack (6.0.3.4) lib/action_dispatch/middleware/executor.rb:14:in `call'
actionpack (6.0.3.4) lib/action_dispatch/middleware/static.rb:126:in `call'
rack (2.2.3) lib/rack/sendfile.rb:110:in `call'
actionpack (6.0.3.4) lib/action_dispatch/middleware/host_authorization.rb:82:in `call'
webpacker (4.3.0) lib/webpacker/dev_server_proxy.rb:23:in `perform_request'
rack-proxy (0.6.5) lib/rack/proxy.rb:57:in `call'
railties (6.0.3.4) lib/rails/engine.rb:527:in `call'
puma (4.3.6) lib/puma/configuration.rb:228:in `call'
puma (4.3.6) lib/puma/server.rb:713:in `handle_request'
puma (4.3.6) lib/puma/server.rb:472:in `process_client'
puma (4.3.6) lib/puma/server.rb:328:in `block in run'
puma (4.3.6) lib/puma/thread_pool.rb:134:in `block in spawn_thread'
Started GET "/legos" for ::1 at 2020-10-30 15:13:13 -0400
Processing by LegosController#index as HTML
  Rendering legos/index.html.erb within layouts/application
  [1m[36mLego Load (0.4ms)[0m  [1m[34mSELECT "legos".* FROM "legos"[0m
  ↳ app/views/legos/index.html.erb:4
  Rendered legos/index.html.erb within layouts/application (Duration: 1.9ms | Allocations: 813)
[Webpacker] Everything's up-to-date. Nothing to do
Completed 200 OK in 10ms (Views: 8.5ms | ActiveRecord: 0.4ms | Allocations: 5739)


Started GET "/lego_path" for ::1 at 2020-10-30 15:13:32 -0400
  
ActionController::RoutingError (No route matches [GET] "/lego_path"):
  
actionpack (6.0.3.4) lib/action_dispatch/middleware/debug_exceptions.rb:36:in `call'
web-console (4.0.4) lib/web_console/middleware.rb:132:in `call_app'
web-console (4.0.4) lib/web_console/middleware.rb:28:in `block in call'
web-console (4.0.4) lib/web_console/middleware.rb:17:in `catch'
web-console (4.0.4) lib/web_console/middleware.rb:17:in `call'
actionpack (6.0.3.4) lib/action_dispatch/middleware/show_exceptions.rb:33:in `call'
railties (6.0.3.4) lib/rails/rack/logger.rb:37:in `call_app'
railties (6.0.3.4) lib/rails/rack/logger.rb:26:in `block in call'
activesupport (6.0.3.4) lib/active_support/tagged_logging.rb:80:in `block in tagged'
activesupport (6.0.3.4) lib/active_support/tagged_logging.rb:28:in `tagged'
activesupport (6.0.3.4) lib/active_support/tagged_logging.rb:80:in `tagged'
railties (6.0.3.4) lib/rails/rack/logger.rb:26:in `call'
sprockets-rails (3.2.2) lib/sprockets/rails/quiet_assets.rb:13:in `call'
actionpack (6.0.3.4) lib/action_dispatch/middleware/remote_ip.rb:81:in `call'
actionpack (6.0.3.4) lib/action_dispatch/middleware/request_id.rb:27:in `call'
rack (2.2.3) lib/rack/method_override.rb:24:in `call'
rack (2.2.3) lib/rack/runtime.rb:22:in `call'
activesupport (6.0.3.4) lib/active_support/cache/strategy/local_cache_middleware.rb:29:in `call'
actionpack (6.0.3.4) lib/action_dispatch/middleware/executor.rb:14:in `call'
actionpack (6.0.3.4) lib/action_dispatch/middleware/static.rb:126:in `call'
rack (2.2.3) lib/rack/sendfile.rb:110:in `call'
actionpack (6.0.3.4) lib/action_dispatch/middleware/host_authorization.rb:82:in `call'
webpacker (4.3.0) lib/webpacker/dev_server_proxy.rb:23:in `perform_request'
rack-proxy (0.6.5) lib/rack/proxy.rb:57:in `call'
railties (6.0.3.4) lib/rails/engine.rb:527:in `call'
puma (4.3.6) lib/puma/configuration.rb:228:in `call'
puma (4.3.6) lib/puma/server.rb:713:in `handle_request'
puma (4.3.6) lib/puma/server.rb:472:in `process_client'
puma (4.3.6) lib/puma/server.rb:328:in `block in run'
puma (4.3.6) lib/puma/thread_pool.rb:134:in `block in spawn_thread'
Started GET "/" for ::1 at 2020-10-30 15:19:21 -0400
Processing by ApplicationController#home as HTML
  Rendering application/home.html.erb within layouts/application
  Rendered application/home.html.erb within layouts/application (Duration: 0.5ms | Allocations: 138)
[Webpacker] Everything's up-to-date. Nothing to do
Completed 200 OK in 8ms (Views: 6.7ms | ActiveRecord: 0.0ms | Allocations: 4683)


Started GET "/legos" for ::1 at 2020-10-30 15:19:22 -0400
Processing by LegosController#index as HTML
  Rendering legos/index.html.erb within layouts/application
  [1m[36mLego Load (0.2ms)[0m  [1m[34mSELECT "legos".* FROM "legos"[0m
  ↳ app/views/legos/index.html.erb:4
  Rendered legos/index.html.erb within layouts/application (Duration: 2.6ms | Allocations: 792)
[Webpacker] Everything's up-to-date. Nothing to do
Completed 200 OK in 14ms (Views: 12.4ms | ActiveRecord: 0.2ms | Allocations: 5324)


Started GET "/legos/1" for ::1 at 2020-10-30 15:19:23 -0400
Processing by LegosController#show as HTML
  Parameters: {"id"=>"1"}
  [1m[36mLego Load (0.2ms)[0m  [1m[34mSELECT "legos".* FROM "legos" WHERE "legos"."id" = ? LIMIT ?[0m  [["id", 1], ["LIMIT", 1]]
  ↳ app/controllers/legos_controller.rb:7:in `show'
  Rendering legos/show.html.erb within layouts/application
  Rendered legos/show.html.erb within layouts/application (Duration: 1.4ms | Allocations: 1007)
Completed 500 Internal Server Error in 18ms (ActiveRecord: 0.2ms | Allocations: 4508)


  
ActionView::SyntaxErrorInTemplate (Encountered a syntax error while rendering template: check <h1>This is your lego</h1>
<p></p>

<%= "Name:", @lego.name%><br>
<%= "Color", @lego.color%><br>
<%= "Theme", @lego.theme%><br>
<%= "Gender", @lego.gender%><br>
<%= "Trump Supporter", @lego.trump%><br>

):
1:    <h1>This is your lego</h1>
2:    <p></p>
3:    
4:    <%= "Name:", @lego.name%><br>
5:    <%= "Color", @lego.color%><br>
6:    <%= "Theme", @lego.theme%><br>
7:    <%= "Gender", @lego.gender%><br>
8:    <%= "Trump Supporter", @lego.trump%><br>
  
app/views/legos/show.html.erb:4: syntax error, unexpected ',', expecting ')'
app/views/legos/show.html.erb:5: syntax error, unexpected ',', expecting ')'
app/views/legos/show.html.erb:6: syntax error, unexpected ',', expecting ')'
app/views/legos/show.html.erb:7: syntax error, unexpected ',', expecting ')'
app/views/legos/show.html.erb:8: syntax error, unexpected ',', expecting ')'
app/views/legos/show.html.erb:4: syntax error, unexpected ',', expecting ')'
app/views/legos/show.html.erb:5: syntax error, unexpected ',', expecting ')'
app/views/legos/show.html.erb:6: syntax error, unexpected ',', expecting ')'
app/views/legos/show.html.erb:7: syntax error, unexpected ',', expecting ')'
app/views/legos/show.html.erb:8: syntax error, unexpected ',', expecting ')'
app/views/legos/show.html.erb:4: syntax error, unexpected ',', expecting ')'
app/views/legos/show.html.erb:5: syntax error, unexpected ',', expecting ')'
app/views/legos/show.html.erb:6: syntax error, unexpected ',', expecting ')'
app/views/legos/show.html.erb:7: syntax error, unexpected ',', expecting ')'
app/views/legos/show.html.erb:8: syntax error, unexpected ',', expecting ')'
app/views/legos/show.html.erb:4: syntax error, unexpected ',', expecting ')'
app/views/legos/show.html.erb:5: syntax error, unexpected ',', expecting ')'
app/views/legos/show.html.erb:6: syntax error, unexpected ',', expecting ')'
app/views/legos/show.html.erb:7: syntax error, unexpected ',', expecting ')'
app/views/legos/show.html.erb:8: syntax error, unexpected ',', expecting ')'
app/views/legos/show.html.erb:4: syntax error, unexpected ',', expecting ')'
app/views/legos/show.html.erb:5: syntax error, unexpected ',', expecting ')'
app/views/legos/show.html.erb:6: syntax error, unexpected ',', expecting ')'
app/views/legos/show.html.erb:7: syntax error, unexpected ',', expecting ')'
app/views/legos/show.html.erb:8: syntax error, unexpected ',', expecting ')'
app/views/legos/show.html.erb:4: syntax error, unexpected ',', expecting ')'
app/views/legos/show.html.erb:5: syntax error, unexpected ',', expecting ')'
app/views/legos/show.html.erb:6: syntax error, unexpected ',', expecting ')'
app/views/legos/show.html.erb:7: syntax error, unexpected ',', expecting ')'
app/views/legos/show.html.erb:8: syntax error, unexpected ',', expecting ')'
Started GET "/legos/1" for ::1 at 2020-10-30 15:20:09 -0400
Processing by LegosController#show as HTML
  Parameters: {"id"=>"1"}
  [1m[36mLego Load (0.1ms)[0m  [1m[34mSELECT "legos".* FROM "legos" WHERE "legos"."id" = ? LIMIT ?[0m  [["id", 1], ["LIMIT", 1]]
  ↳ app/controllers/legos_controller.rb:7:in `show'
  Rendering legos/show.html.erb within layouts/application
  Rendered legos/show.html.erb within layouts/application (Duration: 0.8ms | Allocations: 1079)
Completed 500 Internal Server Error in 5ms (ActiveRecord: 0.1ms | Allocations: 2786)


  
ActionView::SyntaxErrorInTemplate (Encountered a syntax error while rendering template: check <h1>This is your lego</h1>
<p></p>

<%= "Name:" @lego.name%><br>
<%= "Color" @lego.color%><br>
<%= "Theme" @lego.theme%><br>
<%= "Gender" @lego.gender%><br>
<%= "Trump Supporter" @lego.trump%><br>

):
1:    <h1>This is your lego</h1>
2:    <p></p>
3:    
4:    <%= "Name:" @lego.name%><br>
5:    <%= "Color" @lego.color%><br>
6:    <%= "Theme" @lego.theme%><br>
7:    <%= "Gender" @lego.gender%><br>
8:    <%= "Trump Supporter" @lego.trump%><br>
  
app/views/legos/show.html.erb:4: syntax error, unexpected tIVAR, expecting ')'
app/views/legos/show.html.erb:5: syntax error, unexpected tIVAR, expecting ')'
app/views/legos/show.html.erb:6: syntax error, unexpected tIVAR, expecting ')'
app/views/legos/show.html.erb:7: syntax error, unexpected tIVAR, expecting ')'
app/views/legos/show.html.erb:8: syntax error, unexpected tIVAR, expecting ')'
app/views/legos/show.html.erb:4: syntax error, unexpected tIVAR, expecting ')'
app/views/legos/show.html.erb:5: syntax error, unexpected tIVAR, expecting ')'
app/views/legos/show.html.erb:6: syntax error, unexpected tIVAR, expecting ')'
app/views/legos/show.html.erb:7: syntax error, unexpected tIVAR, expecting ')'
app/views/legos/show.html.erb:8: syntax error, unexpected tIVAR, expecting ')'
app/views/legos/show.html.erb:4: syntax error, unexpected tIVAR, expecting ')'
app/views/legos/show.html.erb:5: syntax error, unexpected tIVAR, expecting ')'
app/views/legos/show.html.erb:6: syntax error, unexpected tIVAR, expecting ')'
app/views/legos/show.html.erb:7: syntax error, unexpected tIVAR, expecting ')'
app/views/legos/show.html.erb:8: syntax error, unexpected tIVAR, expecting ')'
app/views/legos/show.html.erb:4: syntax error, unexpected tIVAR, expecting ')'
app/views/legos/show.html.erb:5: syntax error, unexpected tIVAR, expecting ')'
app/views/legos/show.html.erb:6: syntax error, unexpected tIVAR, expecting ')'
app/views/legos/show.html.erb:7: syntax error, unexpected tIVAR, expecting ')'
app/views/legos/show.html.erb:8: syntax error, unexpected tIVAR, expecting ')'
app/views/legos/show.html.erb:4: syntax error, unexpected tIVAR, expecting ')'
app/views/legos/show.html.erb:5: syntax error, unexpected tIVAR, expecting ')'
app/views/legos/show.html.erb:6: syntax error, unexpected tIVAR, expecting ')'
app/views/legos/show.html.erb:7: syntax error, unexpected tIVAR, expecting ')'
app/views/legos/show.html.erb:8: syntax error, unexpected tIVAR, expecting ')'
app/views/legos/show.html.erb:4: syntax error, unexpected tIVAR, expecting ')'
app/views/legos/show.html.erb:5: syntax error, unexpected tIVAR, expecting ')'
app/views/legos/show.html.erb:6: syntax error, unexpected tIVAR, expecting ')'
app/views/legos/show.html.erb:7: syntax error, unexpected tIVAR, expecting ')'
app/views/legos/show.html.erb:8: syntax error, unexpected tIVAR, expecting ')'
Started GET "/legos/1" for ::1 at 2020-10-30 15:21:25 -0400
Processing by LegosController#show as HTML
  Parameters: {"id"=>"1"}
  [1m[36mLego Load (0.2ms)[0m  [1m[34mSELECT "legos".* FROM "legos" WHERE "legos"."id" = ? LIMIT ?[0m  [["id", 1], ["LIMIT", 1]]
  ↳ app/controllers/legos_controller.rb:7:in `show'
  Rendering legos/show.html.erb within layouts/application
  Rendered legos/show.html.erb within layouts/application (Duration: 1.1ms | Allocations: 1071)
Completed 500 Internal Server Error in 5ms (ActiveRecord: 0.2ms | Allocations: 2793)


  
ActionView::Template::Error (no implicit conversion of false into String):
    5: <%= "Color" + @lego.color%><br>
    6: <%= "Theme" + @lego.theme%><br>
    7: <%= "Gender" + @lego.gender%><br>
    8: <%= "Trump Supporter" + @lego.trump%><br>
  
app/views/legos/show.html.erb:8:in `+'
app/views/legos/show.html.erb:8
Started GET "/legos/1" for ::1 at 2020-10-30 15:22:09 -0400
Processing by LegosController#show as HTML
  Parameters: {"id"=>"1"}
  [1m[36mLego Load (0.1ms)[0m  [1m[34mSELECT "legos".* FROM "legos" WHERE "legos"."id" = ? LIMIT ?[0m  [["id", 1], ["LIMIT", 1]]
  ↳ app/controllers/legos_controller.rb:7:in `show'
  Rendering legos/show.html.erb within layouts/application
  Rendered legos/show.html.erb within layouts/application (Duration: 0.7ms | Allocations: 197)
[Webpacker] Everything's up-to-date. Nothing to do
Completed 200 OK in 10ms (Views: 8.3ms | ActiveRecord: 0.1ms | Allocations: 5603)


Started GET "/legos/1" for ::1 at 2020-10-30 15:23:51 -0400
Processing by LegosController#show as HTML
  Parameters: {"id"=>"1"}
  [1m[36mLego Load (0.2ms)[0m  [1m[34mSELECT "legos".* FROM "legos" WHERE "legos"."id" = ? LIMIT ?[0m  [["id", 1], ["LIMIT", 1]]
  ↳ app/controllers/legos_controller.rb:7:in `show'
  Rendering legos/show.html.erb within layouts/application
  Rendered legos/show.html.erb within layouts/application (Duration: 0.6ms | Allocations: 191)
[Webpacker] Everything's up-to-date. Nothing to do
Completed 200 OK in 17ms (Views: 14.7ms | ActiveRecord: 0.2ms | Allocations: 5596)


Started GET "/legos/1" for ::1 at 2020-10-30 15:24:00 -0400
Processing by LegosController#show as HTML
  Parameters: {"id"=>"1"}
  [1m[36mLego Load (0.2ms)[0m  [1m[34mSELECT "legos".* FROM "legos" WHERE "legos"."id" = ? LIMIT ?[0m  [["id", 1], ["LIMIT", 1]]
  ↳ app/controllers/legos_controller.rb:7:in `show'
  Rendering legos/show.html.erb within layouts/application
  Rendered legos/show.html.erb within layouts/application (Duration: 0.5ms | Allocations: 193)
[Webpacker] Everything's up-to-date. Nothing to do
Completed 200 OK in 9ms (Views: 7.1ms | ActiveRecord: 0.2ms | Allocations: 5602)


Started GET "/legos/1" for ::1 at 2020-10-30 15:24:20 -0400
Processing by LegosController#show as HTML
  Parameters: {"id"=>"1"}
  [1m[36mLego Load (0.1ms)[0m  [1m[34mSELECT "legos".* FROM "legos" WHERE "legos"."id" = ? LIMIT ?[0m  [["id", 1], ["LIMIT", 1]]
  ↳ app/controllers/legos_controller.rb:7:in `show'
  Rendering legos/show.html.erb within layouts/application
  Rendered legos/show.html.erb within layouts/application (Duration: 0.4ms | Allocations: 189)
[Webpacker] Everything's up-to-date. Nothing to do
Completed 200 OK in 10ms (Views: 7.7ms | ActiveRecord: 0.1ms | Allocations: 5590)


Started GET "/legos/1" for ::1 at 2020-10-30 15:24:21 -0400
Processing by LegosController#show as HTML
  Parameters: {"id"=>"1"}
  [1m[36mLego Load (0.1ms)[0m  [1m[34mSELECT "legos".* FROM "legos" WHERE "legos"."id" = ? LIMIT ?[0m  [["id", 1], ["LIMIT", 1]]
  ↳ app/controllers/legos_controller.rb:7:in `show'
  Rendering legos/show.html.erb within layouts/application
  Rendered legos/show.html.erb within layouts/application (Duration: 0.1ms | Allocations: 24)
[Webpacker] Everything's up-to-date. Nothing to do
Completed 200 OK in 7ms (Views: 5.8ms | ActiveRecord: 0.1ms | Allocations: 4501)


Started GET "/legos" for ::1 at 2020-10-30 15:24:27 -0400
Processing by LegosController#index as HTML
  Rendering legos/index.html.erb within layouts/application
  [1m[36mLego Load (0.1ms)[0m  [1m[34mSELECT "legos".* FROM "legos"[0m
  ↳ app/views/legos/index.html.erb:4
  Rendered legos/index.html.erb within layouts/application (Duration: 2.2ms | Allocations: 791)
[Webpacker] Everything's up-to-date. Nothing to do
Completed 200 OK in 10ms (Views: 8.7ms | ActiveRecord: 0.1ms | Allocations: 4881)


Started GET "/legos/new" for ::1 at 2020-10-30 15:34:05 -0400
  [1m[35m (0.1ms)[0m  [1m[34mSELECT sqlite_version(*)[0m
Processing by LegosController#new as HTML
  Rendering legos/new.html.erb within layouts/application
  Rendered legos/new.html.erb within layouts/application (Duration: 147.3ms | Allocations: 73687)
Completed 500 Internal Server Error in 160ms (ActiveRecord: 0.0ms | Allocations: 80278)


  
ActionView::Template::Error (undefined method `label_tag' for #<ActionView::Helpers::FormBuilder:0x00007fba8570f2f0>
Did you mean?  label):
    2: 
    3: 
    4: <%= form_for @lego do |f| %>
    5: <%= f.label_tag :name%><br>
    6: <%= f.text_field :name%><br>
    7: <%end%>
  
app/views/legos/new.html.erb:5
app/views/legos/new.html.erb:4
Started GET "/legos/new" for ::1 at 2020-10-30 15:34:30 -0400
Processing by LegosController#new as HTML
  Rendering legos/new.html.erb within layouts/application
  Rendered legos/new.html.erb within layouts/application (Duration: 22.3ms | Allocations: 4155)
[Webpacker] Everything's up-to-date. Nothing to do
Completed 200 OK in 36ms (Views: 35.2ms | ActiveRecord: 0.0ms | Allocations: 9031)


Started GET "/legos/new" for ::1 at 2020-10-30 15:37:52 -0400
Processing by LegosController#new as HTML
  Rendering legos/new.html.erb within layouts/application
  Rendered legos/new.html.erb within layouts/application (Duration: 1.7ms | Allocations: 1272)
[Webpacker] Everything's up-to-date. Nothing to do
Completed 200 OK in 17ms (Views: 15.4ms | ActiveRecord: 0.0ms | Allocations: 6153)


Started GET "/legos/new" for ::1 at 2020-10-30 15:38:06 -0400
Processing by LegosController#new as HTML
  Rendering legos/new.html.erb within layouts/application
  Rendered legos/new.html.erb within layouts/application (Duration: 2.2ms | Allocations: 1377)
[Webpacker] Everything's up-to-date. Nothing to do
Completed 200 OK in 11ms (Views: 10.0ms | ActiveRecord: 0.0ms | Allocations: 6251)


Started POST "/legos" for ::1 at 2020-10-30 15:48:27 -0400
  [1m[35m (0.1ms)[0m  [1m[34mSELECT sqlite_version(*)[0m
Processing by LegosController#create as HTML
  Parameters: {"authenticity_token"=>"nYzWz1ThOUobSNxPijWOhaqFHnKM9kNQRG9p/6sJom+uxn+8NuiOACpw53FeKC5EWw7L3QZiVHyuHXO/bih73g==", "lego"=>{"name"=>"Kamala", "color"=>"Brown", "theme"=>"politics", "gender"=>"Female"}, "commit"=>"Create Lego"}
  [1m[35m (0.1ms)[0m  [1m[36mbegin transaction[0m
  ↳ app/controllers/legos_controller.rb:16:in `create'
  [1m[36mLego Create (1.9ms)[0m  [1m[32mINSERT INTO "legos" ("name", "color", "theme", "gender", "created_at", "updated_at") VALUES (?, ?, ?, ?, ?, ?)[0m  [["name", "Kamala"], ["color", "Brown"], ["theme", "politics"], ["gender", "Female"], ["created_at", "2020-10-30 19:48:27.796488"], ["updated_at", "2020-10-30 19:48:27.796488"]]
  ↳ app/controllers/legos_controller.rb:16:in `create'
  [1m[35m (1.1ms)[0m  [1m[36mcommit transaction[0m
  ↳ app/controllers/legos_controller.rb:16:in `create'
Redirected to http://localhost:3000/legos/2
Completed 302 Found in 18ms (ActiveRecord: 3.1ms | Allocations: 8269)


Started GET "/legos/2" for ::1 at 2020-10-30 15:48:27 -0400
Processing by LegosController#show as HTML
  Parameters: {"id"=>"2"}
  [1m[36mLego Load (0.4ms)[0m  [1m[34mSELECT "legos".* FROM "legos" WHERE "legos"."id" = ? LIMIT ?[0m  [["id", 2], ["LIMIT", 1]]
  ↳ app/controllers/legos_controller.rb:7:in `show'
  Rendering legos/show.html.erb within layouts/application
  Rendered legos/show.html.erb within layouts/application (Duration: 0.8ms | Allocations: 197)
[Webpacker] Everything's up-to-date. Nothing to do
Completed 200 OK in 28ms (Views: 24.3ms | ActiveRecord: 0.4ms | Allocations: 5113)


Started POST "/legos" for ::1 at 2020-10-30 15:49:02 -0400
  [1m[35m (0.0ms)[0m  [1m[34mSELECT sqlite_version(*)[0m
Processing by LegosController#create as HTML
  Parameters: {"authenticity_token"=>"nYzWz1ThOUobSNxPijWOhaqFHnKM9kNQRG9p/6sJom+uxn+8NuiOACpw53FeKC5EWw7L3QZiVHyuHXO/bih73g==", "lego"=>{"name"=>"Kamala", "color"=>"Brown", "theme"=>"politics", "gender"=>"Female"}, "commit"=>"Create Lego"}
  [1m[35m (0.0ms)[0m  [1m[36mbegin transaction[0m
  ↳ app/controllers/legos_controller.rb:16:in `create'
  [1m[36mLego Create (0.6ms)[0m  [1m[32mINSERT INTO "legos" ("name", "color", "theme", "gender", "created_at", "updated_at") VALUES (?, ?, ?, ?, ?, ?)[0m  [["name", "Kamala"], ["color", "Brown"], ["theme", "politics"], ["gender", "Female"], ["created_at", "2020-10-30 19:49:02.996428"], ["updated_at", "2020-10-30 19:49:02.996428"]]
  ↳ app/controllers/legos_controller.rb:16:in `create'
  [1m[35m (0.6ms)[0m  [1m[36mcommit transaction[0m
  ↳ app/controllers/legos_controller.rb:16:in `create'
Redirected to http://localhost:3000/legos/3
Completed 302 Found in 15ms (ActiveRecord: 2.0ms | Allocations: 8470)


Started GET "/legos/3" for ::1 at 2020-10-30 15:49:03 -0400
Processing by LegosController#show as HTML
  Parameters: {"id"=>"3"}
  [1m[36mLego Load (0.3ms)[0m  [1m[34mSELECT "legos".* FROM "legos" WHERE "legos"."id" = ? LIMIT ?[0m  [["id", 3], ["LIMIT", 1]]
  ↳ app/controllers/legos_controller.rb:7:in `show'
  Rendering legos/show.html.erb within layouts/application
  Rendered legos/show.html.erb within layouts/application (Duration: 0.1ms | Allocations: 29)
[Webpacker] Everything's up-to-date. Nothing to do
Completed 200 OK in 13ms (Views: 10.9ms | ActiveRecord: 0.3ms | Allocations: 4806)


Started GET "/legos" for ::1 at 2020-10-30 15:49:16 -0400
Processing by LegosController#index as HTML
  Rendering legos/index.html.erb within layouts/application
  [1m[36mLego Load (0.5ms)[0m  [1m[34mSELECT "legos".* FROM "legos"[0m
  ↳ app/views/legos/index.html.erb:4
  Rendered legos/index.html.erb within layouts/application (Duration: 3.2ms | Allocations: 898)
[Webpacker] Everything's up-to-date. Nothing to do
Completed 200 OK in 14ms (Views: 12.6ms | ActiveRecord: 0.5ms | Allocations: 4982)


Started GET "/legos/2" for ::1 at 2020-10-30 15:49:19 -0400
Processing by LegosController#show as HTML
  Parameters: {"id"=>"2"}
  [1m[36mLego Load (0.2ms)[0m  [1m[34mSELECT "legos".* FROM "legos" WHERE "legos"."id" = ? LIMIT ?[0m  [["id", 2], ["LIMIT", 1]]
  ↳ app/controllers/legos_controller.rb:7:in `show'
  Rendering legos/show.html.erb within layouts/application
  Rendered legos/show.html.erb within layouts/application (Duration: 0.1ms | Allocations: 24)
[Webpacker] Everything's up-to-date. Nothing to do
Completed 200 OK in 7ms (Views: 5.4ms | ActiveRecord: 0.2ms | Allocations: 4511)


Started GET "/legos/3" for ::1 at 2020-10-30 15:49:24 -0400
Processing by LegosController#show as HTML
  Parameters: {"id"=>"3"}
  [1m[36mLego Load (0.2ms)[0m  [1m[34mSELECT "legos".* FROM "legos" WHERE "legos"."id" = ? LIMIT ?[0m  [["id", 3], ["LIMIT", 1]]
  ↳ app/controllers/legos_controller.rb:7:in `show'
  Rendering legos/show.html.erb within layouts/application
  Rendered legos/show.html.erb within layouts/application (Duration: 0.1ms | Allocations: 24)
[Webpacker] Everything's up-to-date. Nothing to do
Completed 200 OK in 11ms (Views: 8.7ms | ActiveRecord: 0.2ms | Allocations: 4495)


Started GET "/new" for ::1 at 2020-10-30 15:51:38 -0400
  
ActionController::RoutingError (No route matches [GET] "/new"):
  
actionpack (6.0.3.4) lib/action_dispatch/middleware/debug_exceptions.rb:36:in `call'
web-console (4.0.4) lib/web_console/middleware.rb:132:in `call_app'
web-console (4.0.4) lib/web_console/middleware.rb:28:in `block in call'
web-console (4.0.4) lib/web_console/middleware.rb:17:in `catch'
web-console (4.0.4) lib/web_console/middleware.rb:17:in `call'
actionpack (6.0.3.4) lib/action_dispatch/middleware/show_exceptions.rb:33:in `call'
railties (6.0.3.4) lib/rails/rack/logger.rb:37:in `call_app'
railties (6.0.3.4) lib/rails/rack/logger.rb:26:in `block in call'
activesupport (6.0.3.4) lib/active_support/tagged_logging.rb:80:in `block in tagged'
activesupport (6.0.3.4) lib/active_support/tagged_logging.rb:28:in `tagged'
activesupport (6.0.3.4) lib/active_support/tagged_logging.rb:80:in `tagged'
railties (6.0.3.4) lib/rails/rack/logger.rb:26:in `call'
sprockets-rails (3.2.2) lib/sprockets/rails/quiet_assets.rb:13:in `call'
actionpack (6.0.3.4) lib/action_dispatch/middleware/remote_ip.rb:81:in `call'
actionpack (6.0.3.4) lib/action_dispatch/middleware/request_id.rb:27:in `call'
rack (2.2.3) lib/rack/method_override.rb:24:in `call'
rack (2.2.3) lib/rack/runtime.rb:22:in `call'
activesupport (6.0.3.4) lib/active_support/cache/strategy/local_cache_middleware.rb:29:in `call'
actionpack (6.0.3.4) lib/action_dispatch/middleware/executor.rb:14:in `call'
actionpack (6.0.3.4) lib/action_dispatch/middleware/static.rb:126:in `call'
rack (2.2.3) lib/rack/sendfile.rb:110:in `call'
actionpack (6.0.3.4) lib/action_dispatch/middleware/host_authorization.rb:82:in `call'
webpacker (4.3.0) lib/webpacker/dev_server_proxy.rb:23:in `perform_request'
rack-proxy (0.6.5) lib/rack/proxy.rb:57:in `call'
railties (6.0.3.4) lib/rails/engine.rb:527:in `call'
puma (4.3.6) lib/puma/configuration.rb:228:in `call'
puma (4.3.6) lib/puma/server.rb:713:in `handle_request'
puma (4.3.6) lib/puma/server.rb:472:in `process_client'
puma (4.3.6) lib/puma/server.rb:328:in `block in run'
puma (4.3.6) lib/puma/thread_pool.rb:134:in `block in spawn_thread'
Started GET "/new" for ::1 at 2020-10-30 15:51:57 -0400
  
ActionController::RoutingError (No route matches [GET] "/new"):
  
actionpack (6.0.3.4) lib/action_dispatch/middleware/debug_exceptions.rb:36:in `call'
web-console (4.0.4) lib/web_console/middleware.rb:132:in `call_app'
web-console (4.0.4) lib/web_console/middleware.rb:28:in `block in call'
web-console (4.0.4) lib/web_console/middleware.rb:17:in `catch'
web-console (4.0.4) lib/web_console/middleware.rb:17:in `call'
actionpack (6.0.3.4) lib/action_dispatch/middleware/show_exceptions.rb:33:in `call'
railties (6.0.3.4) lib/rails/rack/logger.rb:37:in `call_app'
railties (6.0.3.4) lib/rails/rack/logger.rb:26:in `block in call'
activesupport (6.0.3.4) lib/active_support/tagged_logging.rb:80:in `block in tagged'
activesupport (6.0.3.4) lib/active_support/tagged_logging.rb:28:in `tagged'
activesupport (6.0.3.4) lib/active_support/tagged_logging.rb:80:in `tagged'
railties (6.0.3.4) lib/rails/rack/logger.rb:26:in `call'
sprockets-rails (3.2.2) lib/sprockets/rails/quiet_assets.rb:13:in `call'
actionpack (6.0.3.4) lib/action_dispatch/middleware/remote_ip.rb:81:in `call'
actionpack (6.0.3.4) lib/action_dispatch/middleware/request_id.rb:27:in `call'
rack (2.2.3) lib/rack/method_override.rb:24:in `call'
rack (2.2.3) lib/rack/runtime.rb:22:in `call'
activesupport (6.0.3.4) lib/active_support/cache/strategy/local_cache_middleware.rb:29:in `call'
actionpack (6.0.3.4) lib/action_dispatch/middleware/executor.rb:14:in `call'
actionpack (6.0.3.4) lib/action_dispatch/middleware/static.rb:126:in `call'
rack (2.2.3) lib/rack/sendfile.rb:110:in `call'
actionpack (6.0.3.4) lib/action_dispatch/middleware/host_authorization.rb:82:in `call'
webpacker (4.3.0) lib/webpacker/dev_server_proxy.rb:23:in `perform_request'
rack-proxy (0.6.5) lib/rack/proxy.rb:57:in `call'
railties (6.0.3.4) lib/rails/engine.rb:527:in `call'
puma (4.3.6) lib/puma/configuration.rb:228:in `call'
puma (4.3.6) lib/puma/server.rb:713:in `handle_request'
puma (4.3.6) lib/puma/server.rb:472:in `process_client'
puma (4.3.6) lib/puma/server.rb:328:in `block in run'
puma (4.3.6) lib/puma/thread_pool.rb:134:in `block in spawn_thread'
Started GET "/new" for ::1 at 2020-10-30 15:55:00 -0400
  
ActionController::RoutingError (No route matches [GET] "/new"):
  
actionpack (6.0.3.4) lib/action_dispatch/middleware/debug_exceptions.rb:36:in `call'
web-console (4.0.4) lib/web_console/middleware.rb:132:in `call_app'
web-console (4.0.4) lib/web_console/middleware.rb:28:in `block in call'
web-console (4.0.4) lib/web_console/middleware.rb:17:in `catch'
web-console (4.0.4) lib/web_console/middleware.rb:17:in `call'
actionpack (6.0.3.4) lib/action_dispatch/middleware/show_exceptions.rb:33:in `call'
railties (6.0.3.4) lib/rails/rack/logger.rb:37:in `call_app'
railties (6.0.3.4) lib/rails/rack/logger.rb:26:in `block in call'
activesupport (6.0.3.4) lib/active_support/tagged_logging.rb:80:in `block in tagged'
activesupport (6.0.3.4) lib/active_support/tagged_logging.rb:28:in `tagged'
activesupport (6.0.3.4) lib/active_support/tagged_logging.rb:80:in `tagged'
railties (6.0.3.4) lib/rails/rack/logger.rb:26:in `call'
sprockets-rails (3.2.2) lib/sprockets/rails/quiet_assets.rb:13:in `call'
actionpack (6.0.3.4) lib/action_dispatch/middleware/remote_ip.rb:81:in `call'
actionpack (6.0.3.4) lib/action_dispatch/middleware/request_id.rb:27:in `call'
rack (2.2.3) lib/rack/method_override.rb:24:in `call'
rack (2.2.3) lib/rack/runtime.rb:22:in `call'
activesupport (6.0.3.4) lib/active_support/cache/strategy/local_cache_middleware.rb:29:in `call'
actionpack (6.0.3.4) lib/action_dispatch/middleware/executor.rb:14:in `call'
actionpack (6.0.3.4) lib/action_dispatch/middleware/static.rb:126:in `call'
rack (2.2.3) lib/rack/sendfile.rb:110:in `call'
actionpack (6.0.3.4) lib/action_dispatch/middleware/host_authorization.rb:82:in `call'
webpacker (4.3.0) lib/webpacker/dev_server_proxy.rb:23:in `perform_request'
rack-proxy (0.6.5) lib/rack/proxy.rb:57:in `call'
railties (6.0.3.4) lib/rails/engine.rb:527:in `call'
puma (4.3.6) lib/puma/configuration.rb:228:in `call'
puma (4.3.6) lib/puma/server.rb:713:in `handle_request'
puma (4.3.6) lib/puma/server.rb:472:in `process_client'
puma (4.3.6) lib/puma/server.rb:328:in `block in run'
puma (4.3.6) lib/puma/thread_pool.rb:134:in `block in spawn_thread'
Started GET "/legos/new" for ::1 at 2020-10-30 15:55:19 -0400
Processing by LegosController#new as HTML
  Rendering legos/new.html.erb within layouts/application
  Rendered legos/new.html.erb within layouts/application (Duration: 15.0ms | Allocations: 4713)
Completed 500 Internal Server Error in 20ms (ActiveRecord: 0.0ms | Allocations: 5897)


  
ActionView::Template::Error (undefined method `map' for false:FalseClass
Did you mean?  tap):
    10: <%= f.text_field :theme%><br>
    11: <%= f.label :gender%><br>
    12: <%= f.text_field :gender%><br>
    13: <%= f.select :trump, false%>
    14: <%=f.submit%>
    15: <%end%>
  
app/views/legos/new.html.erb:13
app/views/legos/new.html.erb:4
Started GET "/legos/new" for ::1 at 2020-10-30 15:56:56 -0400
Processing by LegosController#new as HTML
  Rendering legos/new.html.erb within layouts/application
  Rendered legos/new.html.erb within layouts/application (Duration: 3.7ms | Allocations: 1427)
[Webpacker] Everything's up-to-date. Nothing to do
Completed 200 OK in 29ms (Views: 27.8ms | ActiveRecord: 0.0ms | Allocations: 6313)


Started POST "/legos" for ::1 at 2020-10-30 15:57:25 -0400
Processing by LegosController#create as HTML
  Parameters: {"authenticity_token"=>"nUKsAUKCp7QPveaoVfoHblli0eyN3a7COKYqDUGkGDGuCAVyIIsQ/j6F3ZaB56evqOkEQwdJue7S1DBNhIXBgA==", "lego"=>{"name"=>"Kamala", "color"=>"Brown", "theme"=>"politics", "gender"=>"Female", "trump"=>"false"}, "commit"=>"Create Lego"}
[31mUnpermitted parameter: :trump[0m
  [1m[35m (0.2ms)[0m  [1m[36mbegin transaction[0m
  ↳ app/controllers/legos_controller.rb:16:in `create'
  [1m[36mLego Create (1.5ms)[0m  [1m[32mINSERT INTO "legos" ("name", "color", "theme", "gender", "created_at", "updated_at") VALUES (?, ?, ?, ?, ?, ?)[0m  [["name", "Kamala"], ["color", "Brown"], ["theme", "politics"], ["gender", "Female"], ["created_at", "2020-10-30 19:57:25.248925"], ["updated_at", "2020-10-30 19:57:25.248925"]]
  ↳ app/controllers/legos_controller.rb:16:in `create'
  [1m[35m (1.4ms)[0m  [1m[36mcommit transaction[0m
  ↳ app/controllers/legos_controller.rb:16:in `create'
Redirected to http://localhost:3000/legos/4
Completed 302 Found in 10ms (ActiveRecord: 3.1ms | Allocations: 2734)


Started GET "/legos/4" for ::1 at 2020-10-30 15:57:25 -0400
Processing by LegosController#show as HTML
  Parameters: {"id"=>"4"}
  [1m[36mLego Load (0.1ms)[0m  [1m[34mSELECT "legos".* FROM "legos" WHERE "legos"."id" = ? LIMIT ?[0m  [["id", 4], ["LIMIT", 1]]
  ↳ app/controllers/legos_controller.rb:7:in `show'
  Rendering legos/show.html.erb within layouts/application
  Rendered legos/show.html.erb within layouts/application (Duration: 0.7ms | Allocations: 192)
[Webpacker] Everything's up-to-date. Nothing to do
Completed 200 OK in 13ms (Views: 10.7ms | ActiveRecord: 0.1ms | Allocations: 4815)


Started POST "/legos" for ::1 at 2020-10-30 15:58:04 -0400
  [1m[35m (0.1ms)[0m  [1m[34mSELECT sqlite_version(*)[0m
Processing by LegosController#create as HTML
  Parameters: {"authenticity_token"=>"nUKsAUKCp7QPveaoVfoHblli0eyN3a7COKYqDUGkGDGuCAVyIIsQ/j6F3ZaB56evqOkEQwdJue7S1DBNhIXBgA==", "lego"=>{"name"=>"Kamala", "color"=>"Brown", "theme"=>"politics", "gender"=>"Female", "trump"=>"false"}, "commit"=>"Create Lego"}
  [1m[35m (0.1ms)[0m  [1m[36mbegin transaction[0m
  ↳ app/controllers/legos_controller.rb:16:in `create'
  [1m[36mLego Create (0.7ms)[0m  [1m[32mINSERT INTO "legos" ("name", "color", "theme", "gender", "trump", "created_at", "updated_at") VALUES (?, ?, ?, ?, ?, ?, ?)[0m  [["name", "Kamala"], ["color", "Brown"], ["theme", "politics"], ["gender", "Female"], ["trump", 0], ["created_at", "2020-10-30 19:58:04.160909"], ["updated_at", "2020-10-30 19:58:04.160909"]]
  ↳ app/controllers/legos_controller.rb:16:in `create'
  [1m[35m (0.9ms)[0m  [1m[36mcommit transaction[0m
  ↳ app/controllers/legos_controller.rb:16:in `create'
Redirected to http://localhost:3000/legos/5
Completed 302 Found in 16ms (ActiveRecord: 2.3ms | Allocations: 8487)


Started GET "/legos/5" for ::1 at 2020-10-30 15:58:04 -0400
Processing by LegosController#show as HTML
  Parameters: {"id"=>"5"}
  [1m[36mLego Load (0.2ms)[0m  [1m[34mSELECT "legos".* FROM "legos" WHERE "legos"."id" = ? LIMIT ?[0m  [["id", 5], ["LIMIT", 1]]
  ↳ app/controllers/legos_controller.rb:7:in `show'
  Rendering legos/show.html.erb within layouts/application
  Rendered legos/show.html.erb within layouts/application (Duration: 0.1ms | Allocations: 29)
[Webpacker] Everything's up-to-date. Nothing to do
Completed 200 OK in 24ms (Views: 22.2ms | ActiveRecord: 0.2ms | Allocations: 9893)


Started GET "/legos" for ::1 at 2020-10-30 15:58:12 -0400
Processing by LegosController#index as HTML
  Rendering legos/index.html.erb within layouts/application
  [1m[36mLego Load (0.2ms)[0m  [1m[34mSELECT "legos".* FROM "legos"[0m
  ↳ app/views/legos/index.html.erb:4
  Rendered legos/index.html.erb within layouts/application (Duration: 2.5ms | Allocations: 979)
[Webpacker] Everything's up-to-date. Nothing to do
Completed 200 OK in 9ms (Views: 8.0ms | ActiveRecord: 0.2ms | Allocations: 5066)


Started GET "/legos/5" for ::1 at 2020-10-30 15:58:14 -0400
Processing by LegosController#show as HTML
  Parameters: {"id"=>"5"}
  [1m[36mLego Load (0.3ms)[0m  [1m[34mSELECT "legos".* FROM "legos" WHERE "legos"."id" = ? LIMIT ?[0m  [["id", 5], ["LIMIT", 1]]
  ↳ app/controllers/legos_controller.rb:7:in `show'
  Rendering legos/show.html.erb within layouts/application
  Rendered legos/show.html.erb within layouts/application (Duration: 0.2ms | Allocations: 24)
[Webpacker] Everything's up-to-date. Nothing to do
Completed 200 OK in 15ms (Views: 11.9ms | ActiveRecord: 0.3ms | Allocations: 4501)


Started GET "/legos/4/edit" for ::1 at 2020-10-30 16:05:40 -0400
  [1m[35m (0.1ms)[0m  [1m[34mSELECT sqlite_version(*)[0m
  
ActionController::RoutingError (No route matches [GET] "/legos/4/edit"):
  
actionpack (6.0.3.4) lib/action_dispatch/middleware/debug_exceptions.rb:36:in `call'
web-console (4.0.4) lib/web_console/middleware.rb:132:in `call_app'
web-console (4.0.4) lib/web_console/middleware.rb:28:in `block in call'
web-console (4.0.4) lib/web_console/middleware.rb:17:in `catch'
web-console (4.0.4) lib/web_console/middleware.rb:17:in `call'
actionpack (6.0.3.4) lib/action_dispatch/middleware/show_exceptions.rb:33:in `call'
railties (6.0.3.4) lib/rails/rack/logger.rb:37:in `call_app'
railties (6.0.3.4) lib/rails/rack/logger.rb:26:in `block in call'
activesupport (6.0.3.4) lib/active_support/tagged_logging.rb:80:in `block in tagged'
activesupport (6.0.3.4) lib/active_support/tagged_logging.rb:28:in `tagged'
activesupport (6.0.3.4) lib/active_support/tagged_logging.rb:80:in `tagged'
railties (6.0.3.4) lib/rails/rack/logger.rb:26:in `call'
sprockets-rails (3.2.2) lib/sprockets/rails/quiet_assets.rb:13:in `call'
actionpack (6.0.3.4) lib/action_dispatch/middleware/remote_ip.rb:81:in `call'
actionpack (6.0.3.4) lib/action_dispatch/middleware/request_id.rb:27:in `call'
rack (2.2.3) lib/rack/method_override.rb:24:in `call'
rack (2.2.3) lib/rack/runtime.rb:22:in `call'
activesupport (6.0.3.4) lib/active_support/cache/strategy/local_cache_middleware.rb:29:in `call'
actionpack (6.0.3.4) lib/action_dispatch/middleware/executor.rb:14:in `call'
actionpack (6.0.3.4) lib/action_dispatch/middleware/static.rb:126:in `call'
rack (2.2.3) lib/rack/sendfile.rb:110:in `call'
actionpack (6.0.3.4) lib/action_dispatch/middleware/host_authorization.rb:82:in `call'
webpacker (4.3.0) lib/webpacker/dev_server_proxy.rb:23:in `perform_request'
rack-proxy (0.6.5) lib/rack/proxy.rb:57:in `call'
railties (6.0.3.4) lib/rails/engine.rb:527:in `call'
puma (4.3.6) lib/puma/configuration.rb:228:in `call'
puma (4.3.6) lib/puma/server.rb:713:in `handle_request'
puma (4.3.6) lib/puma/server.rb:472:in `process_client'
puma (4.3.6) lib/puma/server.rb:328:in `block in run'
puma (4.3.6) lib/puma/thread_pool.rb:134:in `block in spawn_thread'
Started GET "/legos/4/update" for ::1 at 2020-10-30 16:07:35 -0400
  
ActionController::RoutingError (No route matches [GET] "/legos/4/update"):
  
actionpack (6.0.3.4) lib/action_dispatch/middleware/debug_exceptions.rb:36:in `call'
web-console (4.0.4) lib/web_console/middleware.rb:132:in `call_app'
web-console (4.0.4) lib/web_console/middleware.rb:28:in `block in call'
web-console (4.0.4) lib/web_console/middleware.rb:17:in `catch'
web-console (4.0.4) lib/web_console/middleware.rb:17:in `call'
actionpack (6.0.3.4) lib/action_dispatch/middleware/show_exceptions.rb:33:in `call'
railties (6.0.3.4) lib/rails/rack/logger.rb:37:in `call_app'
railties (6.0.3.4) lib/rails/rack/logger.rb:26:in `block in call'
activesupport (6.0.3.4) lib/active_support/tagged_logging.rb:80:in `block in tagged'
activesupport (6.0.3.4) lib/active_support/tagged_logging.rb:28:in `tagged'
activesupport (6.0.3.4) lib/active_support/tagged_logging.rb:80:in `tagged'
railties (6.0.3.4) lib/rails/rack/logger.rb:26:in `call'
sprockets-rails (3.2.2) lib/sprockets/rails/quiet_assets.rb:13:in `call'
actionpack (6.0.3.4) lib/action_dispatch/middleware/remote_ip.rb:81:in `call'
actionpack (6.0.3.4) lib/action_dispatch/middleware/request_id.rb:27:in `call'
rack (2.2.3) lib/rack/method_override.rb:24:in `call'
rack (2.2.3) lib/rack/runtime.rb:22:in `call'
activesupport (6.0.3.4) lib/active_support/cache/strategy/local_cache_middleware.rb:29:in `call'
actionpack (6.0.3.4) lib/action_dispatch/middleware/executor.rb:14:in `call'
actionpack (6.0.3.4) lib/action_dispatch/middleware/static.rb:126:in `call'
rack (2.2.3) lib/rack/sendfile.rb:110:in `call'
actionpack (6.0.3.4) lib/action_dispatch/middleware/host_authorization.rb:82:in `call'
webpacker (4.3.0) lib/webpacker/dev_server_proxy.rb:23:in `perform_request'
rack-proxy (0.6.5) lib/rack/proxy.rb:57:in `call'
railties (6.0.3.4) lib/rails/engine.rb:527:in `call'
puma (4.3.6) lib/puma/configuration.rb:228:in `call'
puma (4.3.6) lib/puma/server.rb:713:in `handle_request'
puma (4.3.6) lib/puma/server.rb:472:in `process_client'
puma (4.3.6) lib/puma/server.rb:328:in `block in run'
puma (4.3.6) lib/puma/thread_pool.rb:134:in `block in spawn_thread'
Started GET "/legos/new" for ::1 at 2020-10-30 16:13:43 -0400
  [1m[35m (0.1ms)[0m  [1m[34mSELECT sqlite_version(*)[0m
Processing by LegosController#new as HTML
  Rendering legos/new.html.erb within layouts/application
  Rendered legos/new.html.erb within layouts/application (Duration: 1.7ms | Allocations: 1226)
[Webpacker] Everything's up-to-date. Nothing to do
Completed 200 OK in 25ms (Views: 15.1ms | ActiveRecord: 0.0ms | Allocations: 10651)


Started POST "/legos" for ::1 at 2020-10-30 16:15:15 -0400
Processing by LegosController#create as HTML
  Parameters: {"authenticity_token"=>"NqETWuv9S2CIUh6X2vfIKYpOaVt3CqcSJkgGS2tt01IF67opifT8KrlqJakO6mjoe8W89P2esD7MOhwLrkwK4w==", "lego"=>{"name"=>"Joker", "color"=>"red", "theme"=>"Batman", "gender"=>"none", "trump"=>"false"}, "commit"=>"Create Lego"}
  [1m[35m (0.1ms)[0m  [1m[36mbegin transaction[0m
  ↳ app/controllers/legos_controller.rb:16:in `create'
  [1m[36mLego Create (1.0ms)[0m  [1m[32mINSERT INTO "legos" ("name", "color", "theme", "gender", "trump", "created_at", "updated_at") VALUES (?, ?, ?, ?, ?, ?, ?)[0m  [["name", "Joker"], ["color", "red"], ["theme", "Batman"], ["gender", "none"], ["trump", 0], ["created_at", "2020-10-30 20:15:15.247084"], ["updated_at", "2020-10-30 20:15:15.247084"]]
  ↳ app/controllers/legos_controller.rb:16:in `create'
  [1m[35m (3.4ms)[0m  [1m[36mcommit transaction[0m
  ↳ app/controllers/legos_controller.rb:16:in `create'
Redirected to http://localhost:3000/legos/6
Completed 302 Found in 29ms (ActiveRecord: 4.5ms | Allocations: 2743)


Started GET "/legos/6" for ::1 at 2020-10-30 16:15:15 -0400
Processing by LegosController#show as HTML
  Parameters: {"id"=>"6"}
  [1m[36mLego Load (0.3ms)[0m  [1m[34mSELECT "legos".* FROM "legos" WHERE "legos"."id" = ? LIMIT ?[0m  [["id", 6], ["LIMIT", 1]]
  ↳ app/controllers/legos_controller.rb:7:in `show'
  Rendering legos/show.html.erb within layouts/application
  Rendered legos/show.html.erb within layouts/application (Duration: 0.1ms | Allocations: 24)
[Webpacker] Everything's up-to-date. Nothing to do
Completed 200 OK in 15ms (Views: 13.1ms | ActiveRecord: 0.3ms | Allocations: 4642)


Started GET "/legos/6/edit" for ::1 at 2020-10-30 16:15:28 -0400
Processing by LegosController#edit as HTML
  Parameters: {"id"=>"6"}
  [1m[36mLego Load (0.2ms)[0m  [1m[34mSELECT "legos".* FROM "legos" WHERE "legos"."id" = ? LIMIT ?[0m  [["id", 6], ["LIMIT", 1]]
  ↳ app/controllers/legos_controller.rb:21:in `edit'
Completed 406 Not Acceptable in 7ms (ActiveRecord: 0.2ms | Allocations: 2495)


  
ActionController::MissingExactTemplate (LegosController#edit is missing a template for request formats: text/html):
  
actionpack (6.0.3.4) lib/action_controller/metal/implicit_render.rb:45:in `default_render'
actionpack (6.0.3.4) lib/action_controller/metal/basic_implicit_render.rb:6:in `block in send_action'
actionpack (6.0.3.4) lib/action_controller/metal/basic_implicit_render.rb:6:in `tap'
actionpack (6.0.3.4) lib/action_controller/metal/basic_implicit_render.rb:6:in `send_action'
actionpack (6.0.3.4) lib/abstract_controller/base.rb:195:in `process_action'
actionpack (6.0.3.4) lib/action_controller/metal/rendering.rb:30:in `process_action'
actionpack (6.0.3.4) lib/abstract_controller/callbacks.rb:42:in `block in process_action'
activesupport (6.0.3.4) lib/active_support/callbacks.rb:135:in `run_callbacks'
actionpack (6.0.3.4) lib/abstract_controller/callbacks.rb:41:in `process_action'
actionpack (6.0.3.4) lib/action_controller/metal/rescue.rb:22:in `process_action'
actionpack (6.0.3.4) lib/action_controller/metal/instrumentation.rb:33:in `block in process_action'
activesupport (6.0.3.4) lib/active_support/notifications.rb:180:in `block in instrument'
activesupport (6.0.3.4) lib/active_support/notifications/instrumenter.rb:24:in `instrument'
activesupport (6.0.3.4) lib/active_support/notifications.rb:180:in `instrument'
actionpack (6.0.3.4) lib/action_controller/metal/instrumentation.rb:32:in `process_action'
actionpack (6.0.3.4) lib/action_controller/metal/params_wrapper.rb:245:in `process_action'
activerecord (6.0.3.4) lib/active_record/railties/controller_runtime.rb:27:in `process_action'
actionpack (6.0.3.4) lib/abstract_controller/base.rb:136:in `process'
actionview (6.0.3.4) lib/action_view/rendering.rb:39:in `process'
actionpack (6.0.3.4) lib/action_controller/metal.rb:190:in `dispatch'
actionpack (6.0.3.4) lib/action_controller/metal.rb:254:in `dispatch'
actionpack (6.0.3.4) lib/action_dispatch/routing/route_set.rb:50:in `dispatch'
actionpack (6.0.3.4) lib/action_dispatch/routing/route_set.rb:33:in `serve'
actionpack (6.0.3.4) lib/action_dispatch/journey/router.rb:49:in `block in serve'
actionpack (6.0.3.4) lib/action_dispatch/journey/router.rb:32:in `each'
actionpack (6.0.3.4) lib/action_dispatch/journey/router.rb:32:in `serve'
actionpack (6.0.3.4) lib/action_dispatch/routing/route_set.rb:834:in `call'
rack (2.2.3) lib/rack/tempfile_reaper.rb:15:in `call'
rack (2.2.3) lib/rack/etag.rb:27:in `call'
rack (2.2.3) lib/rack/conditional_get.rb:27:in `call'
rack (2.2.3) lib/rack/head.rb:12:in `call'
actionpack (6.0.3.4) lib/action_dispatch/http/content_security_policy.rb:18:in `call'
rack (2.2.3) lib/rack/session/abstract/id.rb:266:in `context'
rack (2.2.3) lib/rack/session/abstract/id.rb:260:in `call'
actionpack (6.0.3.4) lib/action_dispatch/middleware/cookies.rb:648:in `call'
activerecord (6.0.3.4) lib/active_record/migration.rb:567:in `call'
actionpack (6.0.3.4) lib/action_dispatch/middleware/callbacks.rb:27:in `block in call'
activesupport (6.0.3.4) lib/active_support/callbacks.rb:101:in `run_callbacks'
actionpack (6.0.3.4) lib/action_dispatch/middleware/callbacks.rb:26:in `call'
actionpack (6.0.3.4) lib/action_dispatch/middleware/executor.rb:14:in `call'
actionpack (6.0.3.4) lib/action_dispatch/middleware/actionable_exceptions.rb:18:in `call'
actionpack (6.0.3.4) lib/action_dispatch/middleware/debug_exceptions.rb:32:in `call'
web-console (4.0.4) lib/web_console/middleware.rb:132:in `call_app'
web-console (4.0.4) lib/web_console/middleware.rb:28:in `block in call'
web-console (4.0.4) lib/web_console/middleware.rb:17:in `catch'
web-console (4.0.4) lib/web_console/middleware.rb:17:in `call'
actionpack (6.0.3.4) lib/action_dispatch/middleware/show_exceptions.rb:33:in `call'
railties (6.0.3.4) lib/rails/rack/logger.rb:37:in `call_app'
railties (6.0.3.4) lib/rails/rack/logger.rb:26:in `block in call'
activesupport (6.0.3.4) lib/active_support/tagged_logging.rb:80:in `block in tagged'
activesupport (6.0.3.4) lib/active_support/tagged_logging.rb:28:in `tagged'
activesupport (6.0.3.4) lib/active_support/tagged_logging.rb:80:in `tagged'
railties (6.0.3.4) lib/rails/rack/logger.rb:26:in `call'
sprockets-rails (3.2.2) lib/sprockets/rails/quiet_assets.rb:13:in `call'
actionpack (6.0.3.4) lib/action_dispatch/middleware/remote_ip.rb:81:in `call'
actionpack (6.0.3.4) lib/action_dispatch/middleware/request_id.rb:27:in `call'
rack (2.2.3) lib/rack/method_override.rb:24:in `call'
rack (2.2.3) lib/rack/runtime.rb:22:in `call'
activesupport (6.0.3.4) lib/active_support/cache/strategy/local_cache_middleware.rb:29:in `call'
actionpack (6.0.3.4) lib/action_dispatch/middleware/executor.rb:14:in `call'
actionpack (6.0.3.4) lib/action_dispatch/middleware/static.rb:126:in `call'
rack (2.2.3) lib/rack/sendfile.rb:110:in `call'
actionpack (6.0.3.4) lib/action_dispatch/middleware/host_authorization.rb:82:in `call'
webpacker (4.3.0) lib/webpacker/dev_server_proxy.rb:23:in `perform_request'
rack-proxy (0.6.5) lib/rack/proxy.rb:57:in `call'
railties (6.0.3.4) lib/rails/engine.rb:527:in `call'
puma (4.3.6) lib/puma/configuration.rb:228:in `call'
puma (4.3.6) lib/puma/server.rb:713:in `handle_request'
puma (4.3.6) lib/puma/server.rb:472:in `process_client'
puma (4.3.6) lib/puma/server.rb:328:in `block in run'
puma (4.3.6) lib/puma/thread_pool.rb:134:in `block in spawn_thread'
Started GET "/legos/6/edits" for ::1 at 2020-10-30 16:16:03 -0400
  
ActionController::RoutingError (No route matches [GET] "/legos/6/edits"):
  
actionpack (6.0.3.4) lib/action_dispatch/middleware/debug_exceptions.rb:36:in `call'
web-console (4.0.4) lib/web_console/middleware.rb:132:in `call_app'
web-console (4.0.4) lib/web_console/middleware.rb:28:in `block in call'
web-console (4.0.4) lib/web_console/middleware.rb:17:in `catch'
web-console (4.0.4) lib/web_console/middleware.rb:17:in `call'
actionpack (6.0.3.4) lib/action_dispatch/middleware/show_exceptions.rb:33:in `call'
railties (6.0.3.4) lib/rails/rack/logger.rb:37:in `call_app'
railties (6.0.3.4) lib/rails/rack/logger.rb:26:in `block in call'
activesupport (6.0.3.4) lib/active_support/tagged_logging.rb:80:in `block in tagged'
activesupport (6.0.3.4) lib/active_support/tagged_logging.rb:28:in `tagged'
activesupport (6.0.3.4) lib/active_support/tagged_logging.rb:80:in `tagged'
railties (6.0.3.4) lib/rails/rack/logger.rb:26:in `call'
sprockets-rails (3.2.2) lib/sprockets/rails/quiet_assets.rb:13:in `call'
actionpack (6.0.3.4) lib/action_dispatch/middleware/remote_ip.rb:81:in `call'
actionpack (6.0.3.4) lib/action_dispatch/middleware/request_id.rb:27:in `call'
rack (2.2.3) lib/rack/method_override.rb:24:in `call'
rack (2.2.3) lib/rack/runtime.rb:22:in `call'
activesupport (6.0.3.4) lib/active_support/cache/strategy/local_cache_middleware.rb:29:in `call'
actionpack (6.0.3.4) lib/action_dispatch/middleware/executor.rb:14:in `call'
actionpack (6.0.3.4) lib/action_dispatch/middleware/static.rb:126:in `call'
rack (2.2.3) lib/rack/sendfile.rb:110:in `call'
actionpack (6.0.3.4) lib/action_dispatch/middleware/host_authorization.rb:82:in `call'
webpacker (4.3.0) lib/webpacker/dev_server_proxy.rb:23:in `perform_request'
rack-proxy (0.6.5) lib/rack/proxy.rb:57:in `call'
railties (6.0.3.4) lib/rails/engine.rb:527:in `call'
puma (4.3.6) lib/puma/configuration.rb:228:in `call'
puma (4.3.6) lib/puma/server.rb:713:in `handle_request'
puma (4.3.6) lib/puma/server.rb:472:in `process_client'
puma (4.3.6) lib/puma/server.rb:328:in `block in run'
puma (4.3.6) lib/puma/thread_pool.rb:134:in `block in spawn_thread'
Started GET "/legos" for ::1 at 2020-10-30 16:18:26 -0400
  [1m[35m (0.1ms)[0m  [1m[34mSELECT sqlite_version(*)[0m
Processing by LegosController#index as HTML
  Rendering legos/index.html.erb within layouts/application
  [1m[36mLego Load (0.2ms)[0m  [1m[34mSELECT "legos".* FROM "legos"[0m
  ↳ app/views/legos/index.html.erb:4
  Rendered legos/index.html.erb within layouts/application (Duration: 11.3ms | Allocations: 6324)
[Webpacker] Everything's up-to-date. Nothing to do
Completed 200 OK in 22ms (Views: 19.0ms | ActiveRecord: 0.7ms | Allocations: 10720)


Started GET "/legos/6" for ::1 at 2020-10-30 16:18:29 -0400
Processing by LegosController#show as HTML
  Parameters: {"id"=>"6"}
  [1m[36mLego Load (0.3ms)[0m  [1m[34mSELECT "legos".* FROM "legos" WHERE "legos"."id" = ? LIMIT ?[0m  [["id", 6], ["LIMIT", 1]]
  ↳ app/controllers/legos_controller.rb:7:in `show'
  Rendering legos/show.html.erb within layouts/application
  Rendered legos/show.html.erb within layouts/application (Duration: 0.2ms | Allocations: 28)
[Webpacker] Everything's up-to-date. Nothing to do
Completed 200 OK in 24ms (Views: 21.3ms | ActiveRecord: 0.3ms | Allocations: 4636)


Started GET "/legos/6/edit" for ::1 at 2020-10-30 16:18:37 -0400
Processing by LegosController#edit as HTML
  Parameters: {"id"=>"6"}
  [1m[36mLego Load (0.2ms)[0m  [1m[34mSELECT "legos".* FROM "legos" WHERE "legos"."id" = ? LIMIT ?[0m  [["id", 6], ["LIMIT", 1]]
  ↳ app/controllers/legos_controller.rb:21:in `edit'
Completed 406 Not Acceptable in 2ms (ActiveRecord: 0.2ms | Allocations: 1189)


  
ActionController::MissingExactTemplate (LegosController#edit is missing a template for request formats: text/html):
  
actionpack (6.0.3.4) lib/action_controller/metal/implicit_render.rb:45:in `default_render'
actionpack (6.0.3.4) lib/action_controller/metal/basic_implicit_render.rb:6:in `block in send_action'
actionpack (6.0.3.4) lib/action_controller/metal/basic_implicit_render.rb:6:in `tap'
actionpack (6.0.3.4) lib/action_controller/metal/basic_implicit_render.rb:6:in `send_action'
actionpack (6.0.3.4) lib/abstract_controller/base.rb:195:in `process_action'
actionpack (6.0.3.4) lib/action_controller/metal/rendering.rb:30:in `process_action'
actionpack (6.0.3.4) lib/abstract_controller/callbacks.rb:42:in `block in process_action'
activesupport (6.0.3.4) lib/active_support/callbacks.rb:135:in `run_callbacks'
actionpack (6.0.3.4) lib/abstract_controller/callbacks.rb:41:in `process_action'
actionpack (6.0.3.4) lib/action_controller/metal/rescue.rb:22:in `process_action'
actionpack (6.0.3.4) lib/action_controller/metal/instrumentation.rb:33:in `block in process_action'
activesupport (6.0.3.4) lib/active_support/notifications.rb:180:in `block in instrument'
activesupport (6.0.3.4) lib/active_support/notifications/instrumenter.rb:24:in `instrument'
activesupport (6.0.3.4) lib/active_support/notifications.rb:180:in `instrument'
actionpack (6.0.3.4) lib/action_controller/metal/instrumentation.rb:32:in `process_action'
actionpack (6.0.3.4) lib/action_controller/metal/params_wrapper.rb:245:in `process_action'
activerecord (6.0.3.4) lib/active_record/railties/controller_runtime.rb:27:in `process_action'
actionpack (6.0.3.4) lib/abstract_controller/base.rb:136:in `process'
actionview (6.0.3.4) lib/action_view/rendering.rb:39:in `process'
actionpack (6.0.3.4) lib/action_controller/metal.rb:190:in `dispatch'
actionpack (6.0.3.4) lib/action_controller/metal.rb:254:in `dispatch'
actionpack (6.0.3.4) lib/action_dispatch/routing/route_set.rb:50:in `dispatch'
actionpack (6.0.3.4) lib/action_dispatch/routing/route_set.rb:33:in `serve'
actionpack (6.0.3.4) lib/action_dispatch/journey/router.rb:49:in `block in serve'
actionpack (6.0.3.4) lib/action_dispatch/journey/router.rb:32:in `each'
actionpack (6.0.3.4) lib/action_dispatch/journey/router.rb:32:in `serve'
actionpack (6.0.3.4) lib/action_dispatch/routing/route_set.rb:834:in `call'
rack (2.2.3) lib/rack/tempfile_reaper.rb:15:in `call'
rack (2.2.3) lib/rack/etag.rb:27:in `call'
rack (2.2.3) lib/rack/conditional_get.rb:27:in `call'
rack (2.2.3) lib/rack/head.rb:12:in `call'
actionpack (6.0.3.4) lib/action_dispatch/http/content_security_policy.rb:18:in `call'
rack (2.2.3) lib/rack/session/abstract/id.rb:266:in `context'
rack (2.2.3) lib/rack/session/abstract/id.rb:260:in `call'
actionpack (6.0.3.4) lib/action_dispatch/middleware/cookies.rb:648:in `call'
activerecord (6.0.3.4) lib/active_record/migration.rb:567:in `call'
actionpack (6.0.3.4) lib/action_dispatch/middleware/callbacks.rb:27:in `block in call'
activesupport (6.0.3.4) lib/active_support/callbacks.rb:101:in `run_callbacks'
actionpack (6.0.3.4) lib/action_dispatch/middleware/callbacks.rb:26:in `call'
actionpack (6.0.3.4) lib/action_dispatch/middleware/executor.rb:14:in `call'
actionpack (6.0.3.4) lib/action_dispatch/middleware/actionable_exceptions.rb:18:in `call'
actionpack (6.0.3.4) lib/action_dispatch/middleware/debug_exceptions.rb:32:in `call'
web-console (4.0.4) lib/web_console/middleware.rb:132:in `call_app'
web-console (4.0.4) lib/web_console/middleware.rb:28:in `block in call'
web-console (4.0.4) lib/web_console/middleware.rb:17:in `catch'
web-console (4.0.4) lib/web_console/middleware.rb:17:in `call'
actionpack (6.0.3.4) lib/action_dispatch/middleware/show_exceptions.rb:33:in `call'
railties (6.0.3.4) lib/rails/rack/logger.rb:37:in `call_app'
railties (6.0.3.4) lib/rails/rack/logger.rb:26:in `block in call'
activesupport (6.0.3.4) lib/active_support/tagged_logging.rb:80:in `block in tagged'
activesupport (6.0.3.4) lib/active_support/tagged_logging.rb:28:in `tagged'
activesupport (6.0.3.4) lib/active_support/tagged_logging.rb:80:in `tagged'
railties (6.0.3.4) lib/rails/rack/logger.rb:26:in `call'
sprockets-rails (3.2.2) lib/sprockets/rails/quiet_assets.rb:13:in `call'
actionpack (6.0.3.4) lib/action_dispatch/middleware/remote_ip.rb:81:in `call'
actionpack (6.0.3.4) lib/action_dispatch/middleware/request_id.rb:27:in `call'
rack (2.2.3) lib/rack/method_override.rb:24:in `call'
rack (2.2.3) lib/rack/runtime.rb:22:in `call'
activesupport (6.0.3.4) lib/active_support/cache/strategy/local_cache_middleware.rb:29:in `call'
actionpack (6.0.3.4) lib/action_dispatch/middleware/executor.rb:14:in `call'
actionpack (6.0.3.4) lib/action_dispatch/middleware/static.rb:126:in `call'
rack (2.2.3) lib/rack/sendfile.rb:110:in `call'
actionpack (6.0.3.4) lib/action_dispatch/middleware/host_authorization.rb:82:in `call'
webpacker (4.3.0) lib/webpacker/dev_server_proxy.rb:23:in `perform_request'
rack-proxy (0.6.5) lib/rack/proxy.rb:57:in `call'
railties (6.0.3.4) lib/rails/engine.rb:527:in `call'
puma (4.3.6) lib/puma/configuration.rb:228:in `call'
puma (4.3.6) lib/puma/server.rb:713:in `handle_request'
puma (4.3.6) lib/puma/server.rb:472:in `process_client'
puma (4.3.6) lib/puma/server.rb:328:in `block in run'
puma (4.3.6) lib/puma/thread_pool.rb:134:in `block in spawn_thread'
Started GET "/legos/6/edit" for ::1 at 2020-10-30 16:21:04 -0400
Processing by LegosController#edit as HTML
  Parameters: {"id"=>"6"}
  [1m[36mLego Load (0.1ms)[0m  [1m[34mSELECT "legos".* FROM "legos" WHERE "legos"."id" = ? LIMIT ?[0m  [["id", 6], ["LIMIT", 1]]
  ↳ app/controllers/legos_controller.rb:21:in `edit'
  Rendering legos/edit.html.erb within layouts/application
  Rendered legos/edit.html.erb within layouts/application (Duration: 2.9ms | Allocations: 1567)
[Webpacker] Everything's up-to-date. Nothing to do
Completed 200 OK in 16ms (Views: 14.3ms | ActiveRecord: 0.1ms | Allocations: 6970)


Started PATCH "/legos/6" for ::1 at 2020-10-30 16:21:24 -0400
Processing by LegosController#update as HTML
  Parameters: {"authenticity_token"=>"pwRzr6oHIqeCAco/egz+eZdatmOtUBU2T1ThOvIIyjGUTtrcyA6V7bM58QGuEV64ZtFjzCfEAhqlJvt6NykTgA==", "lego"=>{"name"=>"Joker", "color"=>"purple", "theme"=>"Batman", "gender"=>"none", "trump"=>"false"}, "commit"=>"Update Lego", "id"=>"6"}
  [1m[36mLego Load (0.2ms)[0m  [1m[34mSELECT "legos".* FROM "legos" WHERE "legos"."id" = ? LIMIT ?[0m  [["id", 6], ["LIMIT", 1]]
  ↳ app/controllers/legos_controller.rb:26:in `update'
  [1m[35m (0.1ms)[0m  [1m[36mbegin transaction[0m
  ↳ app/controllers/legos_controller.rb:27:in `update'
  [1m[36mLego Update (0.6ms)[0m  [1m[33mUPDATE "legos" SET "color" = ?, "updated_at" = ? WHERE "legos"."id" = ?[0m  [["color", "purple"], ["updated_at", "2020-10-30 20:21:24.087229"], ["id", 6]]
  ↳ app/controllers/legos_controller.rb:27:in `update'
  [1m[35m (0.6ms)[0m  [1m[36mcommit transaction[0m
  ↳ app/controllers/legos_controller.rb:27:in `update'
Redirected to http://localhost:3000/legos/6
Completed 302 Found in 8ms (ActiveRecord: 1.4ms | Allocations: 3362)


Started GET "/legos/6" for ::1 at 2020-10-30 16:21:24 -0400
Processing by LegosController#show as HTML
  Parameters: {"id"=>"6"}
  [1m[36mLego Load (0.2ms)[0m  [1m[34mSELECT "legos".* FROM "legos" WHERE "legos"."id" = ? LIMIT ?[0m  [["id", 6], ["LIMIT", 1]]
  ↳ app/controllers/legos_controller.rb:7:in `show'
  Rendering legos/show.html.erb within layouts/application
  Rendered legos/show.html.erb within layouts/application (Duration: 0.8ms | Allocations: 187)
[Webpacker] Everything's up-to-date. Nothing to do
Completed 200 OK in 8ms (Views: 5.9ms | ActiveRecord: 0.2ms | Allocations: 4809)


Started GET "/legos/6" for ::1 at 2020-10-30 16:27:04 -0400
  [1m[35m (0.1ms)[0m  [1m[34mSELECT sqlite_version(*)[0m
Processing by LegosController#show as HTML
  Parameters: {"id"=>"6"}
  [1m[36mLego Load (0.2ms)[0m  [1m[34mSELECT "legos".* FROM "legos" WHERE "legos"."id" = ? LIMIT ?[0m  [["id", 6], ["LIMIT", 1]]
  ↳ app/controllers/legos_controller.rb:7:in `show'
  Rendering legos/show.html.erb within layouts/application
  Rendered legos/show.html.erb within layouts/application (Duration: 0.5ms | Allocations: 241)
[Webpacker] Everything's up-to-date. Nothing to do
Completed 200 OK in 14ms (Views: 12.4ms | ActiveRecord: 0.2ms | Allocations: 5672)


Started GET "/legos" for ::1 at 2020-10-30 16:27:05 -0400
Processing by LegosController#index as HTML
  Rendering legos/index.html.erb within layouts/application
  [1m[36mLego Load (0.3ms)[0m  [1m[34mSELECT "legos".* FROM "legos"[0m
  ↳ app/views/legos/index.html.erb:4
  Rendered legos/index.html.erb within layouts/application (Duration: 3.1ms | Allocations: 1015)
[Webpacker] Everything's up-to-date. Nothing to do
Completed 200 OK in 12ms (Views: 10.5ms | ActiveRecord: 0.3ms | Allocations: 5105)


